<?xml version="1.0" encoding="UTF-8"?>
<!-- Generated by org.testng.reporters.JUnitXMLReporter -->
<testsuite hostname="DESKTOP-V097D2E" ignored="0" name="test1107" tests="1" failures="1" timestamp="15 Jul 2019 04:22:48 GMT" time="135.027" errors="0">
  <testcase name="execute" time="99.57" classname="automation.project3ds.CreditCardTest">
    <failure type="java.lang.NullPointerException">
      <![CDATA[java.lang.NullPointerException
at automation.project3ds.Pslog.getTID(Pslog.java:28)
at automation.project3ds.CreditCardTest.execute(CreditCardTest.java:196)
... Removed 26 stack frames]]>
    </failure>
  </testcase> <!-- execute -->
</testsuite> <!-- test1107 -->
