<?xml version="1.0" encoding="UTF-8"?>
<!-- Generated by org.testng.reporters.JUnitXMLReporter -->
<testsuite hostname="PW-HAN-063" ignored="0" name="BrickWidget_3ds_OFF1_Test" tests="24" failures="2" timestamp="19 Sep 2019 08:50:30 GMT" time="889.123" errors="0">
  <testcase name="execute" time="70.599" classname="automation.project3ds.oldTest.BrickWidget_OFF1_Test"/>
  <testcase name="execute" time="42.261" classname="automation.project3ds.oldTest.BrickWidget_OFF1_Test"/>
  <testcase name="execute" time="43.933" classname="automation.project3ds.oldTest.BrickWidget_OFF1_Test"/>
  <testcase name="execute" time="32.565" classname="automation.project3ds.oldTest.BrickWidget_OFF1_Test"/>
  <testcase name="execute" time="34.478" classname="automation.project3ds.oldTest.BrickWidget_OFF1_Test">
    <failure type="java.lang.AssertionError" message="The following asserts failed:
	[Enrolled] expected [] but found [U]">
      <![CDATA[java.lang.AssertionError: The following asserts failed:
[Enrolled] expected [] but found [U]
at automation.project3ds.MySoftAssertAll.assertAll(MySoftAssertAll.java:57)
at automation.project3ds.Action.assertResultV1(Action.java:268)
at automation.project3ds.Action.assertResultV1(Action.java:156)
at automation.project3ds.oldTest.BrickWidget_OFF1_Test.execute(BrickWidget_OFF1_Test.java:74)
... Removed 25 stack frames]]>
    </failure>
  </testcase> <!-- execute -->
  <testcase name="execute" time="24.136" classname="automation.project3ds.oldTest.BrickWidget_OFF1_Test"/>
  <testcase name="execute" time="22.889" classname="automation.project3ds.oldTest.BrickWidget_OFF1_Test"/>
  <testcase name="execute" time="25.19" classname="automation.project3ds.oldTest.BrickWidget_OFF1_Test"/>
  <testcase name="execute" time="23.926" classname="automation.project3ds.oldTest.BrickWidget_OFF1_Test"/>
  <testcase name="execute" time="46.23" classname="automation.project3ds.oldTest.BrickWidget_OFF1_Test"/>
  <testcase name="execute" time="42.225" classname="automation.project3ds.oldTest.BrickWidget_OFF1_Test"/>
  <testcase name="execute" time="25.387" classname="automation.project3ds.oldTest.BrickWidget_OFF1_Test"/>
  <testcase name="execute" time="44.601" classname="automation.project3ds.oldTest.BrickWidget_OFF1_Test"/>
  <testcase name="execute" time="40.863" classname="automation.project3ds.oldTest.BrickWidget_OFF1_Test"/>
  <testcase name="execute" time="40.301" classname="automation.project3ds.oldTest.BrickWidget_OFF1_Test"/>
  <testcase name="execute" time="30.736" classname="automation.project3ds.oldTest.BrickWidget_OFF1_Test"/>
  <testcase name="execute" time="41.163" classname="automation.project3ds.oldTest.BrickWidget_OFF1_Test">
    <failure type="java.lang.AssertionError" message="The following asserts failed:
	[Enrolled] expected [] but found [U]">
      <![CDATA[java.lang.AssertionError: The following asserts failed:
[Enrolled] expected [] but found [U]
at automation.project3ds.MySoftAssertAll.assertAll(MySoftAssertAll.java:57)
at automation.project3ds.Action.assertResultV1(Action.java:268)
at automation.project3ds.Action.assertResultV1(Action.java:156)
at automation.project3ds.oldTest.BrickWidget_OFF1_Test.execute(BrickWidget_OFF1_Test.java:74)
... Removed 24 stack frames]]>
    </failure>
  </testcase> <!-- execute -->
  <testcase name="execute" time="27.359" classname="automation.project3ds.oldTest.BrickWidget_OFF1_Test"/>
  <testcase name="execute" time="26.68" classname="automation.project3ds.oldTest.BrickWidget_OFF1_Test"/>
  <testcase name="execute" time="29.316" classname="automation.project3ds.oldTest.BrickWidget_OFF1_Test"/>
  <testcase name="execute" time="26.147" classname="automation.project3ds.oldTest.BrickWidget_OFF1_Test"/>
  <testcase name="execute" time="40.856" classname="automation.project3ds.oldTest.BrickWidget_OFF1_Test"/>
  <testcase name="execute" time="43.393" classname="automation.project3ds.oldTest.BrickWidget_OFF1_Test"/>
  <testcase name="execute" time="26.032" classname="automation.project3ds.oldTest.BrickWidget_OFF1_Test"/>
</testsuite> <!-- BrickWidget_3ds_OFF1_Test -->
