<?xml version="1.0" encoding="UTF-8"?>
<!-- Generated by org.testng.reporters.JUnitXMLReporter -->
<testsuite hostname="DESKTOP-V097D2E" ignored="0" name="BrickHTML_Card1_OFF_Test" tests="11" failures="0" timestamp="07 Aug 2019 10:51:40 GMT" time="252.541" errors="0">
  <testcase name="execute" time="43.135" classname="automation.project3ds.BrickHTML_Card1_OFF_Test"/>
  <testcase name="execute" time="27.769" classname="automation.project3ds.BrickHTML_Card1_OFF_Test"/>
  <testcase name="execute" time="23.498" classname="automation.project3ds.BrickHTML_Card1_OFF_Test"/>
  <testcase name="execute" time="23.643" classname="automation.project3ds.BrickHTML_Card1_OFF_Test"/>
  <testcase name="execute" time="15.062" classname="automation.project3ds.BrickHTML_Card1_OFF_Test"/>
  <testcase name="execute" time="20.287" classname="automation.project3ds.BrickHTML_Card1_OFF_Test"/>
  <testcase name="execute" time="14.334" classname="automation.project3ds.BrickHTML_Card1_OFF_Test"/>
  <testcase name="execute" time="15.446" classname="automation.project3ds.BrickHTML_Card1_OFF_Test"/>
  <testcase name="execute" time="23.469" classname="automation.project3ds.BrickHTML_Card1_OFF_Test"/>
  <testcase name="execute" time="28.359" classname="automation.project3ds.BrickHTML_Card1_OFF_Test"/>
  <testcase name="execute" time="15.52" classname="automation.project3ds.BrickHTML_Card1_OFF_Test"/>
</testsuite> <!-- BrickHTML_Card1_OFF_Test -->
