<?xml version="1.0" encoding="UTF-8"?>
<!-- Generated by org.testng.reporters.JUnitXMLReporter -->
<testsuite hostname="DESKTOP-V097D2E" ignored="0" name="testTest" tests="1" failures="1" timestamp="26 Jul 2019 05:07:56 GMT" time="13.498" errors="0">
  <testcase name="sample" time="13.44" classname="automation.project3ds.aSample">
    <failure type="org.jsoup.select.Selector$SelectorParseException" message="Could not parse query &amp;apos;&amp;lt;input type=&amp;quot;text&amp;quot; name=&amp;quot;log&amp;quot; id=&amp;quot;user_login&amp;quot; class=&amp;quot;input&amp;quot; value=&amp;quot;&amp;quot; size=&amp;quot;20&amp;quot;&amp;gt;&amp;apos;: unexpected token at &amp;apos;&amp;lt;input type=&amp;quot;text&amp;quot; name=&amp;quot;log&amp;quot; id=&amp;quot;user_login&amp;quot; class=&amp;quot;input&amp;quot; value=&amp;quot;&amp;quot; size=&amp;quot;20&amp;quot;&amp;gt;&amp;apos;">
      <![CDATA[org.jsoup.select.Selector$SelectorParseException: Could not parse query '<input type="text" name="log" id="user_login" class="input" value="" size="20">': unexpected token at '<input type="text" name="log" id="user_login" class="input" value="" size="20">'
at org.jsoup.select.QueryParser.findElements(QueryParser.java:196)
at org.jsoup.select.QueryParser.parse(QueryParser.java:53)
at org.jsoup.select.QueryParser.parse(QueryParser.java:39)
at org.jsoup.select.Selector.<init>(Selector.java:83)
at org.jsoup.select.Selector.select(Selector.java:105)
at org.jsoup.nodes.Element.select(Element.java:273)
at automation.project3ds.aSample.sample(aSample.java:36)
... Removed 25 stack frames]]>
    </failure>
  </testcase> <!-- sample -->
</testsuite> <!-- testTest -->
