<?xml version="1.0" encoding="UTF-8"?>
<!-- Generated by org.testng.reporters.JUnitXMLReporter -->
<testsuite hostname="DESKTOP-V097D2E" ignored="2" tests="1" failures="0" timestamp="26 Aug 2019 06:04:06 GMT" time="29.327" errors="0">
  <testcase name="term" time="11.59" classname="WidgetBrick_1v6_Test_tab_mobilegateway_Mobiamo"/>
  <testcase name="enterPinSuccess" time="0.0" classname="WidgetBrick_1v6_Test_tab_mobilegateway_Mobiamo">
    <ignored/>
  </testcase> <!-- enterPinSuccess -->
  <testcase name="enterPinInvalid" time="0.0" classname="WidgetBrick_1v6_Test_tab_mobilegateway_Mobiamo">
    <ignored/>
  </testcase> <!-- enterPinInvalid -->
</testsuite>
