<?xml version="1.0" encoding="UTF-8"?>
<!-- Generated by org.testng.reporters.JUnitXMLReporter -->
<testsuite hostname="PW-HAN-063" ignored="0" tests="46" failures="42" timestamp="06 Sep 2019 10:49:43 GMT" time="80.19" errors="0">
  <testcase name="getLogoFile" time="3.556" classname="Logo"/>
  <testcase name="getLogoFile" time="3.123" classname="Logo">
    <failure type="java.lang.AssertionError" message="The following asserts failed:
	[ImageNotFound] expected [] but found [dark2],
	[ImageNotFound] expected [] but found [dark3],
	[ImageNotFound] expected [] but found [light3],
	[ImageNotFound] expected [] but found [light2]">
      <![CDATA[java.lang.AssertionError: The following asserts failed:
[ImageNotFound] expected [] but found [dark2],
[ImageNotFound] expected [] but found [dark3],
[ImageNotFound] expected [] but found [light3],
[ImageNotFound] expected [] but found [light2]
at automation.project3ds.Assertion.end(Assertion.java:26)
at Logo.getLogoFile(Logo.java:210)
... Removed 25 stack frames]]>
    </failure>
  </testcase> <!-- getLogoFile -->
  <testcase name="getLogoFile" time="2.514" classname="Logo">
    <failure type="java.lang.AssertionError" message="The following asserts failed:
	[NumberImage][6] expected [true] but found [false],
	[NumberOfTypeImage] expected [9] but found [6]">
      <![CDATA[java.lang.AssertionError: The following asserts failed:
[NumberImage][6] expected [true] but found [false],
[NumberOfTypeImage] expected [9] but found [6]
at automation.project3ds.Assertion.end(Assertion.java:26)
at Logo.getLogoFile(Logo.java:210)
... Removed 25 stack frames]]>
    </failure>
  </testcase> <!-- getLogoFile -->
  <testcase name="getLogoFile" time="2.172" classname="Logo"/>
  <testcase name="getLogoFile" time="2.103" classname="Logo">
    <failure type="java.lang.AssertionError" message="The following asserts failed:
	[NumberImage][6] expected [true] but found [false],
	[NumberOfTypeImage] expected [9] but found [6]">
      <![CDATA[java.lang.AssertionError: The following asserts failed:
[NumberImage][6] expected [true] but found [false],
[NumberOfTypeImage] expected [9] but found [6]
at automation.project3ds.Assertion.end(Assertion.java:26)
at Logo.getLogoFile(Logo.java:210)
... Removed 25 stack frames]]>
    </failure>
  </testcase> <!-- getLogoFile -->
  <testcase name="getLogoFile" time="0.948" classname="Logo">
    <failure type="java.lang.AssertionError" message="The following asserts failed:
	[NAME] expected [name] but found [ps-ebanx-d@2x],
	[NAME] expected [name] but found [pm-ps-ebanx],
	[NAME] expected [name] but found [ps-ebanx],
	[NAME] expected [name] but found [ps-ebanx-d],
	[NAME] expected [name] but found [ps-ebanx-d@3x],
	[NAME] expected [name] but found [ps-ebanx-@2x],
	[NAME] expected [name] but found [ps-ebanx-@3x],
	[NAME] expected [name] but found [pm-ps-ebanx-big],
	[NAME] expected [name] but found [pm-ps-ebanx-merchantareav7-(flag)],
	[NAME] expected [name] but found [pm-ps-ebanx-merchantareav5],
	[NumberOfTypeImage] expected [9] but found [4],
	[ImageNotFound] expected [] but found [dark2],
	[ImageNotFound] expected [] but found [light2]">
      <![CDATA[java.lang.AssertionError: The following asserts failed:
[NAME] expected [name] but found [ps-ebanx-d@2x],
[NAME] expected [name] but found [pm-ps-ebanx],
[NAME] expected [name] but found [ps-ebanx],
[NAME] expected [name] but found [ps-ebanx-d],
[NAME] expected [name] but found [ps-ebanx-d@3x],
[NAME] expected [name] but found [ps-ebanx-@2x],
[NAME] expected [name] but found [ps-ebanx-@3x],
[NAME] expected [name] but found [pm-ps-ebanx-big],
[NAME] expected [name] but found [pm-ps-ebanx-merchantareav7-(flag)],
[NAME] expected [name] but found [pm-ps-ebanx-merchantareav5],
[NumberOfTypeImage] expected [9] but found [4],
[ImageNotFound] expected [] but found [dark2],
[ImageNotFound] expected [] but found [light2]
at automation.project3ds.Assertion.end(Assertion.java:26)
at Logo.getLogoFile(Logo.java:210)
... Removed 25 stack frames]]>
    </failure>
  </testcase> <!-- getLogoFile -->
  <testcase name="getLogoFile" time="0.012" classname="Logo">
    <failure type="java.lang.AssertionError" message="The following asserts failed:
	[NumberImage][6] expected [true] but found [false],
	[NAME] expected [name] but found [_ps-hipercard-@2x],
	[NAME] expected [name] but found [ps-hipercard-d],
	[NAME] expected [name] but found [ps-hipercard-@3x],
	[NAME] expected [name] but found [_ps-hipercard-d@2x],
	[NAME] expected [name] but found [ps-hipercard-d@3x],
	[NAME] expected [name] but found [ps-hipercard],
	[NumberOfTypeImage] expected [9] but found [0]">
      <![CDATA[java.lang.AssertionError: The following asserts failed:
[NumberImage][6] expected [true] but found [false],
[NAME] expected [name] but found [_ps-hipercard-@2x],
[NAME] expected [name] but found [ps-hipercard-d],
[NAME] expected [name] but found [ps-hipercard-@3x],
[NAME] expected [name] but found [_ps-hipercard-d@2x],
[NAME] expected [name] but found [ps-hipercard-d@3x],
[NAME] expected [name] but found [ps-hipercard],
[NumberOfTypeImage] expected [9] but found [0]
at automation.project3ds.Assertion.end(Assertion.java:26)
at Logo.getLogoFile(Logo.java:210)
... Removed 25 stack frames]]>
    </failure>
  </testcase> <!-- getLogoFile -->
  <testcase name="getLogoFile" time="2.176" classname="Logo">
    <failure type="java.lang.AssertionError" message="The following asserts failed:
	[NumberImage][6] expected [true] but found [false],
	[NumberOfTypeImage] expected [9] but found [6]">
      <![CDATA[java.lang.AssertionError: The following asserts failed:
[NumberImage][6] expected [true] but found [false],
[NumberOfTypeImage] expected [9] but found [6]
at automation.project3ds.Assertion.end(Assertion.java:26)
at Logo.getLogoFile(Logo.java:210)
... Removed 25 stack frames]]>
    </failure>
  </testcase> <!-- getLogoFile -->
  <testcase name="getLogoFile" time="0.007" classname="Logo">
    <failure type="java.lang.AssertionError" message="The following asserts failed:
	[NumberImage][6] expected [true] but found [false],
	[NAME] expected [name] but found [_ps-bancodobrazil-@2x],
	[NAME] expected [name] but found [ps-bancodobrazil-@3x],
	[NAME] expected [name] but found [ps-bancodobrazil],
	[NAME] expected [name] but found [_ps-bancodobrazil-d@2x],
	[NAME] expected [name] but found [ps-bancodobrazil-d],
	[NAME] expected [name] but found [ps-bancodobrazil-d@3x],
	[NumberOfTypeImage] expected [9] but found [0]">
      <![CDATA[java.lang.AssertionError: The following asserts failed:
[NumberImage][6] expected [true] but found [false],
[NAME] expected [name] but found [_ps-bancodobrazil-@2x],
[NAME] expected [name] but found [ps-bancodobrazil-@3x],
[NAME] expected [name] but found [ps-bancodobrazil],
[NAME] expected [name] but found [_ps-bancodobrazil-d@2x],
[NAME] expected [name] but found [ps-bancodobrazil-d],
[NAME] expected [name] but found [ps-bancodobrazil-d@3x],
[NumberOfTypeImage] expected [9] but found [0]
at automation.project3ds.Assertion.end(Assertion.java:26)
at Logo.getLogoFile(Logo.java:210)
... Removed 25 stack frames]]>
    </failure>
  </testcase> <!-- getLogoFile -->
  <testcase name="getLogoFile" time="2.213" classname="Logo">
    <failure type="java.lang.AssertionError" message="The following asserts failed:
	[NumberImage][6] expected [true] but found [false],
	[NAME] expected [name] but found [ps-banrisul-d@2x],
	[NAME] expected [name] but found [ps-banrisul-@2x],
	[NumberOfTypeImage] expected [9] but found [6]">
      <![CDATA[java.lang.AssertionError: The following asserts failed:
[NumberImage][6] expected [true] but found [false],
[NAME] expected [name] but found [ps-banrisul-d@2x],
[NAME] expected [name] but found [ps-banrisul-@2x],
[NumberOfTypeImage] expected [9] but found [6]
at automation.project3ds.Assertion.end(Assertion.java:26)
at Logo.getLogoFile(Logo.java:210)
... Removed 25 stack frames]]>
    </failure>
  </testcase> <!-- getLogoFile -->
  <testcase name="getLogoFile" time="2.222" classname="Logo"/>
  <testcase name="getLogoFile" time="2.673" classname="Logo">
    <failure type="java.lang.AssertionError" message="The following asserts failed:
	[NumberImage][6] expected [true] but found [false],
	[NumberOfTypeImage] expected [9] but found [6],
	[ImageNotFound] expected [] but found [dark2],
	[ImageNotFound] expected [] but found [dark3],
	[ImageNotFound] expected [] but found [light3],
	[ImageNotFound] expected [] but found [light2]">
      <![CDATA[java.lang.AssertionError: The following asserts failed:
[NumberImage][6] expected [true] but found [false],
[NumberOfTypeImage] expected [9] but found [6],
[ImageNotFound] expected [] but found [dark2],
[ImageNotFound] expected [] but found [dark3],
[ImageNotFound] expected [] but found [light3],
[ImageNotFound] expected [] but found [light2]
at automation.project3ds.Assertion.end(Assertion.java:26)
at Logo.getLogoFile(Logo.java:210)
... Removed 25 stack frames]]>
    </failure>
  </testcase> <!-- getLogoFile -->
  <testcase name="getLogoFile" time="2.999" classname="Logo">
    <failure type="java.lang.AssertionError" message="The following asserts failed:
	[NumberImage][6] expected [true] but found [false],
	[NumberOfTypeImage] expected [9] but found [6],
	[ImageNotFound] expected [] but found [dark2],
	[ImageNotFound] expected [] but found [dark3],
	[ImageNotFound] expected [] but found [light3],
	[ImageNotFound] expected [] but found [light2]">
      <![CDATA[java.lang.AssertionError: The following asserts failed:
[NumberImage][6] expected [true] but found [false],
[NumberOfTypeImage] expected [9] but found [6],
[ImageNotFound] expected [] but found [dark2],
[ImageNotFound] expected [] but found [dark3],
[ImageNotFound] expected [] but found [light3],
[ImageNotFound] expected [] but found [light2]
at automation.project3ds.Assertion.end(Assertion.java:26)
at Logo.getLogoFile(Logo.java:210)
... Removed 25 stack frames]]>
    </failure>
  </testcase> <!-- getLogoFile -->
  <testcase name="getLogoFile" time="3.156" classname="Logo">
    <failure type="java.lang.AssertionError" message="The following asserts failed:
	[NumberImage][6] expected [true] but found [false],
	[NumberOfTypeImage] expected [9] but found [6],
	[ImageNotFound] expected [] but found [dark2],
	[ImageNotFound] expected [] but found [dark3],
	[ImageNotFound] expected [] but found [light3],
	[ImageNotFound] expected [] but found [light2]">
      <![CDATA[java.lang.AssertionError: The following asserts failed:
[NumberImage][6] expected [true] but found [false],
[NumberOfTypeImage] expected [9] but found [6],
[ImageNotFound] expected [] but found [dark2],
[ImageNotFound] expected [] but found [dark3],
[ImageNotFound] expected [] but found [light3],
[ImageNotFound] expected [] but found [light2]
at automation.project3ds.Assertion.end(Assertion.java:26)
at Logo.getLogoFile(Logo.java:210)
... Removed 25 stack frames]]>
    </failure>
  </testcase> <!-- getLogoFile -->
  <testcase name="getLogoFile" time="3.053" classname="Logo">
    <failure type="java.lang.AssertionError" message="The following asserts failed:
	[NumberImage][6] expected [true] but found [false],
	[NumberOfTypeImage] expected [9] but found [6],
	[ImageNotFound] expected [] but found [dark2],
	[ImageNotFound] expected [] but found [dark3],
	[ImageNotFound] expected [] but found [light3],
	[ImageNotFound] expected [] but found [light2]">
      <![CDATA[java.lang.AssertionError: The following asserts failed:
[NumberImage][6] expected [true] but found [false],
[NumberOfTypeImage] expected [9] but found [6],
[ImageNotFound] expected [] but found [dark2],
[ImageNotFound] expected [] but found [dark3],
[ImageNotFound] expected [] but found [light3],
[ImageNotFound] expected [] but found [light2]
at automation.project3ds.Assertion.end(Assertion.java:26)
at Logo.getLogoFile(Logo.java:210)
... Removed 25 stack frames]]>
    </failure>
  </testcase> <!-- getLogoFile -->
  <testcase name="getLogoFile" time="0.007" classname="Logo">
    <failure type="java.lang.AssertionError" message="The following asserts failed:
	[NumberImage][6] expected [true] but found [false],
	[NAME] expected [name] but found [ps-dotpay ing bank slaski ing],
	[NAME] expected [name] but found [ps-dotpay ing bank slaski ing-d@3x],
	[NAME] expected [name] but found [ps-dotpay ing bank slaski ing-d],
	[NAME] expected [name] but found [ps-dotpay ing bank slaski ing-@3x],
	[NAME] expected [name] but found [_ps-dotpay ing bank slaski ing-d@2x],
	[NAME] expected [name] but found [_ps-dotpay ing bank slaski ing-@2x],
	[NumberOfTypeImage] expected [9] but found [0]">
      <![CDATA[java.lang.AssertionError: The following asserts failed:
[NumberImage][6] expected [true] but found [false],
[NAME] expected [name] but found [ps-dotpay ing bank slaski ing],
[NAME] expected [name] but found [ps-dotpay ing bank slaski ing-d@3x],
[NAME] expected [name] but found [ps-dotpay ing bank slaski ing-d],
[NAME] expected [name] but found [ps-dotpay ing bank slaski ing-@3x],
[NAME] expected [name] but found [_ps-dotpay ing bank slaski ing-d@2x],
[NAME] expected [name] but found [_ps-dotpay ing bank slaski ing-@2x],
[NumberOfTypeImage] expected [9] but found [0]
at automation.project3ds.Assertion.end(Assertion.java:26)
at Logo.getLogoFile(Logo.java:210)
... Removed 25 stack frames]]>
    </failure>
  </testcase> <!-- getLogoFile -->
  <testcase name="getLogoFile" time="2.972" classname="Logo">
    <failure type="java.lang.AssertionError" message="The following asserts failed:
	[NumberImage][6] expected [true] but found [false],
	[NumberOfTypeImage] expected [9] but found [6],
	[ImageNotFound] expected [] but found [dark2],
	[ImageNotFound] expected [] but found [dark3],
	[ImageNotFound] expected [] but found [light3],
	[ImageNotFound] expected [] but found [light2]">
      <![CDATA[java.lang.AssertionError: The following asserts failed:
[NumberImage][6] expected [true] but found [false],
[NumberOfTypeImage] expected [9] but found [6],
[ImageNotFound] expected [] but found [dark2],
[ImageNotFound] expected [] but found [dark3],
[ImageNotFound] expected [] but found [light3],
[ImageNotFound] expected [] but found [light2]
at automation.project3ds.Assertion.end(Assertion.java:26)
at Logo.getLogoFile(Logo.java:210)
... Removed 24 stack frames]]>
    </failure>
  </testcase> <!-- getLogoFile -->
  <testcase name="getLogoFile" time="0.016" classname="Logo">
    <failure type="java.lang.AssertionError" message="The following asserts failed:
	[NumberImage][0] expected [true] but found [false],
	[NumberOfTypeImage] expected [9] but found [0]">
      <![CDATA[java.lang.AssertionError: The following asserts failed:
[NumberImage][0] expected [true] but found [false],
[NumberOfTypeImage] expected [9] but found [0]
at automation.project3ds.Assertion.end(Assertion.java:26)
at Logo.getLogoFile(Logo.java:210)
... Removed 24 stack frames]]>
    </failure>
  </testcase> <!-- getLogoFile -->
  <testcase name="getLogoFile" time="2.379" classname="Logo">
    <failure type="java.lang.AssertionError" message="The following asserts failed:
	[NumberImage][6] expected [true] but found [false],
	[NumberOfTypeImage] expected [9] but found [6]">
      <![CDATA[java.lang.AssertionError: The following asserts failed:
[NumberImage][6] expected [true] but found [false],
[NumberOfTypeImage] expected [9] but found [6]
at automation.project3ds.Assertion.end(Assertion.java:26)
at Logo.getLogoFile(Logo.java:210)
... Removed 24 stack frames]]>
    </failure>
  </testcase> <!-- getLogoFile -->
  <testcase name="getLogoFile" time="2.041" classname="Logo">
    <failure type="java.lang.AssertionError" message="The following asserts failed:
	[NumberImage][6] expected [true] but found [false],
	[NumberOfTypeImage] expected [9] but found [6]">
      <![CDATA[java.lang.AssertionError: The following asserts failed:
[NumberImage][6] expected [true] but found [false],
[NumberOfTypeImage] expected [9] but found [6]
at automation.project3ds.Assertion.end(Assertion.java:26)
at Logo.getLogoFile(Logo.java:210)
... Removed 24 stack frames]]>
    </failure>
  </testcase> <!-- getLogoFile -->
  <testcase name="getLogoFile" time="0.005" classname="Logo">
    <failure type="java.lang.AssertionError" message="The following asserts failed:
	[NumberImage][1] expected [true] but found [false],
	[NAME] expected [name] but found [culture voucher_original],
	[NumberOfTypeImage] expected [9] but found [0]">
      <![CDATA[java.lang.AssertionError: The following asserts failed:
[NumberImage][1] expected [true] but found [false],
[NAME] expected [name] but found [culture voucher_original],
[NumberOfTypeImage] expected [9] but found [0]
at automation.project3ds.Assertion.end(Assertion.java:26)
at Logo.getLogoFile(Logo.java:210)
... Removed 24 stack frames]]>
    </failure>
  </testcase> <!-- getLogoFile -->
  <testcase name="getLogoFile" time="0.029" classname="Logo">
    <failure type="java.lang.AssertionError" message="The following asserts failed:
	[NAME] expected [name] but found [_ps-payletterallthegate-@2x],
	[NAME] expected [name] but found [pm-psallthegate-merchantareav5],
	[NAME] expected [name] but found [ps-payletterallthegate-d@3x],
	[NAME] expected [name] but found [ps-payletterallthegate-d],
	[NAME] expected [name] but found [ps-payletterallthegate@3x],
	[NAME] expected [name] but found [pm-pspayletterallthegate-big],
	[NAME] expected [name] but found [pm-ps-payletterallthegate],
	[NAME] expected [name] but found [_ps-payletterallthegate-d@2x],
	[NAME] expected [name] but found [ps-payletterallthegate],
	[NAME] expected [name] but found [pm-ps-alltregate (noflag)],
	[NumberOfTypeImage] expected [9] but found [1]">
      <![CDATA[java.lang.AssertionError: The following asserts failed:
[NAME] expected [name] but found [_ps-payletterallthegate-@2x],
[NAME] expected [name] but found [pm-psallthegate-merchantareav5],
[NAME] expected [name] but found [ps-payletterallthegate-d@3x],
[NAME] expected [name] but found [ps-payletterallthegate-d],
[NAME] expected [name] but found [ps-payletterallthegate@3x],
[NAME] expected [name] but found [pm-pspayletterallthegate-big],
[NAME] expected [name] but found [pm-ps-payletterallthegate],
[NAME] expected [name] but found [_ps-payletterallthegate-d@2x],
[NAME] expected [name] but found [ps-payletterallthegate],
[NAME] expected [name] but found [pm-ps-alltregate (noflag)],
[NumberOfTypeImage] expected [9] but found [1]
at automation.project3ds.Assertion.end(Assertion.java:26)
at Logo.getLogoFile(Logo.java:210)
... Removed 24 stack frames]]>
    </failure>
  </testcase> <!-- getLogoFile -->
  <testcase name="getLogoFile" time="2.804" classname="Logo">
    <failure type="java.lang.AssertionError" message="The following asserts failed:
	[NAME] expected [name] but found [book voucher v5],
	[NAME] expected [name] but found [book voucher v7],
	[NAME] expected [name] but found [book voucher_original],
	[NumberOfTypeImage] expected [9] but found [8],
	[multi][Height] expected [43] but found [44],
	[ImageNotFound] expected [] but found [dark2],
	[ImageNotFound] expected [] but found [dark3],
	[ImageNotFound] expected [] but found [light3],
	[ImageNotFound] expected [] but found [light2]">
      <![CDATA[java.lang.AssertionError: The following asserts failed:
[NAME] expected [name] but found [book voucher v5],
[NAME] expected [name] but found [book voucher v7],
[NAME] expected [name] but found [book voucher_original],
[NumberOfTypeImage] expected [9] but found [8],
[multi][Height] expected [43] but found [44],
[ImageNotFound] expected [] but found [dark2],
[ImageNotFound] expected [] but found [dark3],
[ImageNotFound] expected [] but found [light3],
[ImageNotFound] expected [] but found [light2]
at automation.project3ds.Assertion.end(Assertion.java:26)
at Logo.getLogoFile(Logo.java:210)
... Removed 24 stack frames]]>
    </failure>
  </testcase> <!-- getLogoFile -->
  <testcase name="getLogoFile" time="3.056" classname="Logo">
    <failure type="java.lang.AssertionError" message="The following asserts failed:
	[NumberImage][6] expected [true] but found [false],
	[NumberOfTypeImage] expected [9] but found [6],
	[ImageNotFound] expected [] but found [dark2],
	[ImageNotFound] expected [] but found [dark3],
	[ImageNotFound] expected [] but found [light3],
	[ImageNotFound] expected [] but found [light2]">
      <![CDATA[java.lang.AssertionError: The following asserts failed:
[NumberImage][6] expected [true] but found [false],
[NumberOfTypeImage] expected [9] but found [6],
[ImageNotFound] expected [] but found [dark2],
[ImageNotFound] expected [] but found [dark3],
[ImageNotFound] expected [] but found [light3],
[ImageNotFound] expected [] but found [light2]
at automation.project3ds.Assertion.end(Assertion.java:26)
at Logo.getLogoFile(Logo.java:210)
... Removed 24 stack frames]]>
    </failure>
  </testcase> <!-- getLogoFile -->
  <testcase name="getLogoFile" time="0.019" classname="Logo">
    <failure type="java.lang.AssertionError" message="The following asserts failed:
	[NumberImage][6] expected [true] but found [false],
	[NAME] expected [name] but found [_ps-game-on-@2x],
	[NAME] expected [name] but found [ps-game-on-@3x],
	[NAME] expected [name] but found [ps-game-on-d],
	[NAME] expected [name] but found [ps-game-on-d@3x],
	[NAME] expected [name] but found [_ps-game-on-d@2x],
	[NAME] expected [name] but found [ps-game-on],
	[NumberOfTypeImage] expected [9] but found [0]">
      <![CDATA[java.lang.AssertionError: The following asserts failed:
[NumberImage][6] expected [true] but found [false],
[NAME] expected [name] but found [_ps-game-on-@2x],
[NAME] expected [name] but found [ps-game-on-@3x],
[NAME] expected [name] but found [ps-game-on-d],
[NAME] expected [name] but found [ps-game-on-d@3x],
[NAME] expected [name] but found [_ps-game-on-d@2x],
[NAME] expected [name] but found [ps-game-on],
[NumberOfTypeImage] expected [9] but found [0]
at automation.project3ds.Assertion.end(Assertion.java:26)
at Logo.getLogoFile(Logo.java:210)
... Removed 24 stack frames]]>
    </failure>
  </testcase> <!-- getLogoFile -->
  <testcase name="getLogoFile" time="0.007" classname="Logo">
    <failure type="java.lang.AssertionError" message="The following asserts failed:
	[NumberImage][6] expected [true] but found [false],
	[NAME] expected [name] but found [_ps-culture-land-@2x],
	[NAME] expected [name] but found [ps-culture-land-d@3x],
	[NAME] expected [name] but found [ps-culture-land],
	[NAME] expected [name] but found [ps-culture-land-@3x],
	[NAME] expected [name] but found [ps-culture-land-d],
	[NAME] expected [name] but found [_ps-culture-land-d@2x],
	[NumberOfTypeImage] expected [9] but found [0]">
      <![CDATA[java.lang.AssertionError: The following asserts failed:
[NumberImage][6] expected [true] but found [false],
[NAME] expected [name] but found [_ps-culture-land-@2x],
[NAME] expected [name] but found [ps-culture-land-d@3x],
[NAME] expected [name] but found [ps-culture-land],
[NAME] expected [name] but found [ps-culture-land-@3x],
[NAME] expected [name] but found [ps-culture-land-d],
[NAME] expected [name] but found [_ps-culture-land-d@2x],
[NumberOfTypeImage] expected [9] but found [0]
at automation.project3ds.Assertion.end(Assertion.java:26)
at Logo.getLogoFile(Logo.java:210)
... Removed 24 stack frames]]>
    </failure>
  </testcase> <!-- getLogoFile -->
  <testcase name="getLogoFile" time="0.013" classname="Logo">
    <failure type="java.lang.AssertionError" message="The following asserts failed:
	[NumberImage][0] expected [true] but found [false],
	[NumberOfTypeImage] expected [9] but found [0]">
      <![CDATA[java.lang.AssertionError: The following asserts failed:
[NumberImage][0] expected [true] but found [false],
[NumberOfTypeImage] expected [9] but found [0]
at automation.project3ds.Assertion.end(Assertion.java:26)
at Logo.getLogoFile(Logo.java:210)
... Removed 24 stack frames]]>
    </failure>
  </testcase> <!-- getLogoFile -->
  <testcase name="getLogoFile" time="2.987" classname="Logo">
    <failure type="java.lang.AssertionError" message="The following asserts failed:
	[NumberImage][6] expected [true] but found [false],
	[NumberOfTypeImage] expected [9] but found [6],
	[ImageNotFound] expected [] but found [dark2],
	[ImageNotFound] expected [] but found [dark3],
	[ImageNotFound] expected [] but found [light3],
	[ImageNotFound] expected [] but found [light2]">
      <![CDATA[java.lang.AssertionError: The following asserts failed:
[NumberImage][6] expected [true] but found [false],
[NumberOfTypeImage] expected [9] but found [6],
[ImageNotFound] expected [] but found [dark2],
[ImageNotFound] expected [] but found [dark3],
[ImageNotFound] expected [] but found [light3],
[ImageNotFound] expected [] but found [light2]
at automation.project3ds.Assertion.end(Assertion.java:26)
at Logo.getLogoFile(Logo.java:210)
... Removed 24 stack frames]]>
    </failure>
  </testcase> <!-- getLogoFile -->
  <testcase name="getLogoFile" time="3.029" classname="Logo">
    <failure type="java.lang.AssertionError" message="The following asserts failed:
	[NumberImage][6] expected [true] but found [false],
	[NumberOfTypeImage] expected [9] but found [6],
	[ImageNotFound] expected [] but found [dark2],
	[ImageNotFound] expected [] but found [dark3],
	[ImageNotFound] expected [] but found [light3],
	[ImageNotFound] expected [] but found [light2]">
      <![CDATA[java.lang.AssertionError: The following asserts failed:
[NumberImage][6] expected [true] but found [false],
[NumberOfTypeImage] expected [9] but found [6],
[ImageNotFound] expected [] but found [dark2],
[ImageNotFound] expected [] but found [dark3],
[ImageNotFound] expected [] but found [light3],
[ImageNotFound] expected [] but found [light2]
at automation.project3ds.Assertion.end(Assertion.java:26)
at Logo.getLogoFile(Logo.java:210)
... Removed 24 stack frames]]>
    </failure>
  </testcase> <!-- getLogoFile -->
  <testcase name="getLogoFile" time="2.972" classname="Logo">
    <failure type="java.lang.AssertionError" message="The following asserts failed:
	[NumberImage][6] expected [true] but found [false],
	[NumberOfTypeImage] expected [9] but found [6],
	[ImageNotFound] expected [] but found [dark2],
	[ImageNotFound] expected [] but found [dark3],
	[ImageNotFound] expected [] but found [light3],
	[ImageNotFound] expected [] but found [light2]">
      <![CDATA[java.lang.AssertionError: The following asserts failed:
[NumberImage][6] expected [true] but found [false],
[NumberOfTypeImage] expected [9] but found [6],
[ImageNotFound] expected [] but found [dark2],
[ImageNotFound] expected [] but found [dark3],
[ImageNotFound] expected [] but found [light3],
[ImageNotFound] expected [] but found [light2]
at automation.project3ds.Assertion.end(Assertion.java:26)
at Logo.getLogoFile(Logo.java:210)
... Removed 24 stack frames]]>
    </failure>
  </testcase> <!-- getLogoFile -->
  <testcase name="getLogoFile" time="3.032" classname="Logo">
    <failure type="java.lang.AssertionError" message="The following asserts failed:
	[NumberImage][6] expected [true] but found [false],
	[NumberOfTypeImage] expected [9] but found [6],
	[ImageNotFound] expected [] but found [dark2],
	[ImageNotFound] expected [] but found [dark3],
	[ImageNotFound] expected [] but found [light3],
	[ImageNotFound] expected [] but found [light2]">
      <![CDATA[java.lang.AssertionError: The following asserts failed:
[NumberImage][6] expected [true] but found [false],
[NumberOfTypeImage] expected [9] but found [6],
[ImageNotFound] expected [] but found [dark2],
[ImageNotFound] expected [] but found [dark3],
[ImageNotFound] expected [] but found [light3],
[ImageNotFound] expected [] but found [light2]
at automation.project3ds.Assertion.end(Assertion.java:26)
at Logo.getLogoFile(Logo.java:210)
... Removed 24 stack frames]]>
    </failure>
  </testcase> <!-- getLogoFile -->
  <testcase name="getLogoFile" time="3.107" classname="Logo">
    <failure type="java.lang.AssertionError" message="The following asserts failed:
	[NumberImage][6] expected [true] but found [false],
	[NumberOfTypeImage] expected [9] but found [6],
	[ImageNotFound] expected [] but found [dark2],
	[ImageNotFound] expected [] but found [dark3],
	[ImageNotFound] expected [] but found [light3],
	[ImageNotFound] expected [] but found [light2]">
      <![CDATA[java.lang.AssertionError: The following asserts failed:
[NumberImage][6] expected [true] but found [false],
[NumberOfTypeImage] expected [9] but found [6],
[ImageNotFound] expected [] but found [dark2],
[ImageNotFound] expected [] but found [dark3],
[ImageNotFound] expected [] but found [light3],
[ImageNotFound] expected [] but found [light2]
at automation.project3ds.Assertion.end(Assertion.java:26)
at Logo.getLogoFile(Logo.java:210)
... Removed 24 stack frames]]>
    </failure>
  </testcase> <!-- getLogoFile -->
  <testcase name="getLogoFile" time="3.069" classname="Logo">
    <failure type="java.lang.AssertionError" message="The following asserts failed:
	[NumberImage][6] expected [true] but found [false],
	[NumberOfTypeImage] expected [9] but found [6],
	[ImageNotFound] expected [] but found [dark2],
	[ImageNotFound] expected [] but found [dark3],
	[ImageNotFound] expected [] but found [light3],
	[ImageNotFound] expected [] but found [light2]">
      <![CDATA[java.lang.AssertionError: The following asserts failed:
[NumberImage][6] expected [true] but found [false],
[NumberOfTypeImage] expected [9] but found [6],
[ImageNotFound] expected [] but found [dark2],
[ImageNotFound] expected [] but found [dark3],
[ImageNotFound] expected [] but found [light3],
[ImageNotFound] expected [] but found [light2]
at automation.project3ds.Assertion.end(Assertion.java:26)
at Logo.getLogoFile(Logo.java:210)
... Removed 24 stack frames]]>
    </failure>
  </testcase> <!-- getLogoFile -->
  <testcase name="getLogoFile" time="3.128" classname="Logo">
    <failure type="java.lang.AssertionError" message="The following asserts failed:
	[ImageNotFound] expected [] but found [dark2],
	[ImageNotFound] expected [] but found [dark3],
	[ImageNotFound] expected [] but found [light3],
	[ImageNotFound] expected [] but found [light2]">
      <![CDATA[java.lang.AssertionError: The following asserts failed:
[ImageNotFound] expected [] but found [dark2],
[ImageNotFound] expected [] but found [dark3],
[ImageNotFound] expected [] but found [light3],
[ImageNotFound] expected [] but found [light2]
at automation.project3ds.Assertion.end(Assertion.java:26)
at Logo.getLogoFile(Logo.java:210)
... Removed 24 stack frames]]>
    </failure>
  </testcase> <!-- getLogoFile -->
  <testcase name="getLogoFile" time="3.116" classname="Logo">
    <failure type="java.lang.AssertionError" message="The following asserts failed:
	[NumberImage][6] expected [true] but found [false],
	[NumberOfTypeImage] expected [9] but found [6],
	[ImageNotFound] expected [] but found [dark2],
	[ImageNotFound] expected [] but found [dark3],
	[ImageNotFound] expected [] but found [light3],
	[ImageNotFound] expected [] but found [light2]">
      <![CDATA[java.lang.AssertionError: The following asserts failed:
[NumberImage][6] expected [true] but found [false],
[NumberOfTypeImage] expected [9] but found [6],
[ImageNotFound] expected [] but found [dark2],
[ImageNotFound] expected [] but found [dark3],
[ImageNotFound] expected [] but found [light3],
[ImageNotFound] expected [] but found [light2]
at automation.project3ds.Assertion.end(Assertion.java:26)
at Logo.getLogoFile(Logo.java:210)
... Removed 24 stack frames]]>
    </failure>
  </testcase> <!-- getLogoFile -->
  <testcase name="getLogoFile" time="0.018" classname="Logo">
    <failure type="java.lang.AssertionError" message="The following asserts failed:
	[NumberImage][6] expected [true] but found [false],
	[NAME] expected [name] but found [ps-walmartmoneygram-@3x],
	[NAME] expected [name] but found [_ps-walmartmoneygram-d@2x],
	[NAME] expected [name] but found [ps-walmartmoneygram-d@3x],
	[NAME] expected [name] but found [_ps-walmartmoneygram-@2x],
	[NAME] expected [name] but found [ps-walmartmoneygram],
	[NAME] expected [name] but found [ps-walmartmoneygram-d],
	[NumberOfTypeImage] expected [9] but found [0]">
      <![CDATA[java.lang.AssertionError: The following asserts failed:
[NumberImage][6] expected [true] but found [false],
[NAME] expected [name] but found [ps-walmartmoneygram-@3x],
[NAME] expected [name] but found [_ps-walmartmoneygram-d@2x],
[NAME] expected [name] but found [ps-walmartmoneygram-d@3x],
[NAME] expected [name] but found [_ps-walmartmoneygram-@2x],
[NAME] expected [name] but found [ps-walmartmoneygram],
[NAME] expected [name] but found [ps-walmartmoneygram-d],
[NumberOfTypeImage] expected [9] but found [0]
at automation.project3ds.Assertion.end(Assertion.java:26)
at Logo.getLogoFile(Logo.java:210)
... Removed 24 stack frames]]>
    </failure>
  </testcase> <!-- getLogoFile -->
  <testcase name="getLogoFile" time="3.084" classname="Logo">
    <failure type="java.lang.AssertionError" message="The following asserts failed:
	[NumberImage][6] expected [true] but found [false],
	[NumberOfTypeImage] expected [9] but found [6],
	[ImageNotFound] expected [] but found [dark2],
	[ImageNotFound] expected [] but found [dark3],
	[ImageNotFound] expected [] but found [light3],
	[ImageNotFound] expected [] but found [light2]">
      <![CDATA[java.lang.AssertionError: The following asserts failed:
[NumberImage][6] expected [true] but found [false],
[NumberOfTypeImage] expected [9] but found [6],
[ImageNotFound] expected [] but found [dark2],
[ImageNotFound] expected [] but found [dark3],
[ImageNotFound] expected [] but found [light3],
[ImageNotFound] expected [] but found [light2]
at automation.project3ds.Assertion.end(Assertion.java:26)
at Logo.getLogoFile(Logo.java:210)
... Removed 24 stack frames]]>
    </failure>
  </testcase> <!-- getLogoFile -->
  <testcase name="getLogoFile" time="2.451" classname="Logo">
    <failure type="java.lang.AssertionError" message="The following asserts failed:
	[NAME] expected [name] but found [ps-canada-post-d],
	[NAME] expected [name] but found [ps-canada-post],
	[NAME] expected [name] but found [pm-ps-canada-big],
	[NumberOfTypeImage] expected [9] but found [6],
	[ImageNotFound] expected [] but found [dark2],
	[ImageNotFound] expected [] but found [dark3],
	[ImageNotFound] expected [] but found [light3],
	[ImageNotFound] expected [] but found [light2]">
      <![CDATA[java.lang.AssertionError: The following asserts failed:
[NAME] expected [name] but found [ps-canada-post-d],
[NAME] expected [name] but found [ps-canada-post],
[NAME] expected [name] but found [pm-ps-canada-big],
[NumberOfTypeImage] expected [9] but found [6],
[ImageNotFound] expected [] but found [dark2],
[ImageNotFound] expected [] but found [dark3],
[ImageNotFound] expected [] but found [light3],
[ImageNotFound] expected [] but found [light2]
at automation.project3ds.Assertion.end(Assertion.java:26)
at Logo.getLogoFile(Logo.java:210)
... Removed 24 stack frames]]>
    </failure>
  </testcase> <!-- getLogoFile -->
  <testcase name="getLogoFile" time="0.018" classname="Logo">
    <failure type="java.lang.AssertionError" message="The following asserts failed:
	[NumberImage][0] expected [true] but found [false],
	[NumberOfTypeImage] expected [9] but found [0]">
      <![CDATA[java.lang.AssertionError: The following asserts failed:
[NumberImage][0] expected [true] but found [false],
[NumberOfTypeImage] expected [9] but found [0]
at automation.project3ds.Assertion.end(Assertion.java:26)
at Logo.getLogoFile(Logo.java:210)
... Removed 24 stack frames]]>
    </failure>
  </testcase> <!-- getLogoFile -->
  <testcase name="getLogoFile" time="0.009" classname="Logo">
    <failure type="java.lang.AssertionError" message="The following asserts failed:
	[NumberImage][0] expected [true] but found [false],
	[NumberOfTypeImage] expected [9] but found [0]">
      <![CDATA[java.lang.AssertionError: The following asserts failed:
[NumberImage][0] expected [true] but found [false],
[NumberOfTypeImage] expected [9] but found [0]
at automation.project3ds.Assertion.end(Assertion.java:26)
at Logo.getLogoFile(Logo.java:210)
... Removed 24 stack frames]]>
    </failure>
  </testcase> <!-- getLogoFile -->
  <testcase name="getLogoFile" time="2.377" classname="Logo"/>
  <testcase name="getLogoFile" time="0.009" classname="Logo">
    <failure type="java.lang.AssertionError" message="The following asserts failed:
	[NumberImage][0] expected [true] but found [false],
	[NumberOfTypeImage] expected [9] but found [0]">
      <![CDATA[java.lang.AssertionError: The following asserts failed:
[NumberImage][0] expected [true] but found [false],
[NumberOfTypeImage] expected [9] but found [0]
at automation.project3ds.Assertion.end(Assertion.java:26)
at Logo.getLogoFile(Logo.java:210)
... Removed 24 stack frames]]>
    </failure>
  </testcase> <!-- getLogoFile -->
  <testcase name="getLogoFile" time="0.006" classname="Logo">
    <failure type="java.lang.AssertionError" message="The following asserts failed:
	[NumberImage][0] expected [true] but found [false],
	[NumberOfTypeImage] expected [9] but found [0]">
      <![CDATA[java.lang.AssertionError: The following asserts failed:
[NumberImage][0] expected [true] but found [false],
[NumberOfTypeImage] expected [9] but found [0]
at automation.project3ds.Assertion.end(Assertion.java:26)
at Logo.getLogoFile(Logo.java:210)
... Removed 24 stack frames]]>
    </failure>
  </testcase> <!-- getLogoFile -->
  <testcase name="getLogoFile" time="0.011" classname="Logo">
    <failure type="java.lang.AssertionError" message="The following asserts failed:
	[NumberImage][0] expected [true] but found [false],
	[NumberOfTypeImage] expected [9] but found [0]">
      <![CDATA[java.lang.AssertionError: The following asserts failed:
[NumberImage][0] expected [true] but found [false],
[NumberOfTypeImage] expected [9] but found [0]
at automation.project3ds.Assertion.end(Assertion.java:26)
at Logo.getLogoFile(Logo.java:210)
... Removed 24 stack frames]]>
    </failure>
  </testcase> <!-- getLogoFile -->
  <testcase name="getLogoFile" time="0.008" classname="Logo">
    <failure type="java.lang.AssertionError" message="The following asserts failed:
	[NumberImage][0] expected [true] but found [false],
	[NumberOfTypeImage] expected [9] but found [0]">
      <![CDATA[java.lang.AssertionError: The following asserts failed:
[NumberImage][0] expected [true] but found [false],
[NumberOfTypeImage] expected [9] but found [0]
at automation.project3ds.Assertion.end(Assertion.java:26)
at Logo.getLogoFile(Logo.java:210)
... Removed 24 stack frames]]>
    </failure>
  </testcase> <!-- getLogoFile -->
  <testcase name="getLogoFile" time="0.005" classname="Logo">
    <failure type="java.lang.AssertionError" message="The following asserts failed:
	[NumberImage][0] expected [true] but found [false],
	[NumberOfTypeImage] expected [9] but found [0]">
      <![CDATA[java.lang.AssertionError: The following asserts failed:
[NumberImage][0] expected [true] but found [false],
[NumberOfTypeImage] expected [9] but found [0]
at automation.project3ds.Assertion.end(Assertion.java:26)
at Logo.getLogoFile(Logo.java:210)
... Removed 24 stack frames]]>
    </failure>
  </testcase> <!-- getLogoFile -->
</testsuite>
