<?xml version="1.0" encoding="UTF-8"?>
<!-- Generated by org.testng.reporters.JUnitXMLReporter -->
<testsuite hostname="PW-HAN-063" ignored="0" tests="46" failures="42" timestamp="06 Sep 2019 10:09:47 GMT" time="103.645" errors="0">
  <testcase name="getLogoFile" time="3.371" classname="Logo"/>
  <testcase name="getLogoFile" time="3.268" classname="Logo">
    <failure type="java.lang.AssertionError" message="The following asserts failed:
	[ImageNotFound] expected [] but found [dark2],
	[ImageNotFound] expected [] but found [dark3],
	[ImageNotFound] expected [] but found [light3],
	[ImageNotFound] expected [] but found [light2]">
      <![CDATA[java.lang.AssertionError: The following asserts failed:
[ImageNotFound] expected [] but found [dark2],
[ImageNotFound] expected [] but found [dark3],
[ImageNotFound] expected [] but found [light3],
[ImageNotFound] expected [] but found [light2]
at automation.project3ds.Assertion.end(Assertion.java:26)
at Logo.getLogoFile(Logo.java:209)
... Removed 25 stack frames]]>
    </failure>
  </testcase> <!-- getLogoFile -->
  <testcase name="getLogoFile" time="2.432" classname="Logo">
    <failure type="java.lang.AssertionError" message="The following asserts failed:
	[NumberImage][6] expected [true] but found [false],
	[NumberOfTypeImage] expected [9] but found [6]">
      <![CDATA[java.lang.AssertionError: The following asserts failed:
[NumberImage][6] expected [true] but found [false],
[NumberOfTypeImage] expected [9] but found [6]
at automation.project3ds.Assertion.end(Assertion.java:26)
at Logo.getLogoFile(Logo.java:209)
... Removed 25 stack frames]]>
    </failure>
  </testcase> <!-- getLogoFile -->
  <testcase name="getLogoFile" time="2.261" classname="Logo"/>
  <testcase name="getLogoFile" time="2.274" classname="Logo">
    <failure type="java.lang.AssertionError" message="The following asserts failed:
	[NumberImage][6] expected [true] but found [false],
	[NumberOfTypeImage] expected [9] but found [6]">
      <![CDATA[java.lang.AssertionError: The following asserts failed:
[NumberImage][6] expected [true] but found [false],
[NumberOfTypeImage] expected [9] but found [6]
at automation.project3ds.Assertion.end(Assertion.java:26)
at Logo.getLogoFile(Logo.java:209)
... Removed 25 stack frames]]>
    </failure>
  </testcase> <!-- getLogoFile -->
  <testcase name="getLogoFile" time="2.811" classname="Logo">
    <failure type="java.lang.AssertionError" message="The following asserts failed:
	[NAME] expected [name] but found [ps-ebanx-d@2x],
	[NAME] expected [name] but found [ps-ebanx-@2x],
	[ImageNotFound] expected [] but found [dark2],
	[ImageNotFound] expected [] but found [dark3],
	[ImageNotFound] expected [] but found [light3],
	[ImageNotFound] expected [] but found [light2]">
      <![CDATA[java.lang.AssertionError: The following asserts failed:
[NAME] expected [name] but found [ps-ebanx-d@2x],
[NAME] expected [name] but found [ps-ebanx-@2x],
[ImageNotFound] expected [] but found [dark2],
[ImageNotFound] expected [] but found [dark3],
[ImageNotFound] expected [] but found [light3],
[ImageNotFound] expected [] but found [light2]
at automation.project3ds.Assertion.end(Assertion.java:26)
at Logo.getLogoFile(Logo.java:209)
... Removed 25 stack frames]]>
    </failure>
  </testcase> <!-- getLogoFile -->
  <testcase name="getLogoFile" time="2.375" classname="Logo">
    <failure type="java.lang.AssertionError" message="The following asserts failed:
	[NumberImage][6] expected [true] but found [false],
	[NumberOfTypeImage] expected [9] but found [6]">
      <![CDATA[java.lang.AssertionError: The following asserts failed:
[NumberImage][6] expected [true] but found [false],
[NumberOfTypeImage] expected [9] but found [6]
at automation.project3ds.Assertion.end(Assertion.java:26)
at Logo.getLogoFile(Logo.java:209)
... Removed 25 stack frames]]>
    </failure>
  </testcase> <!-- getLogoFile -->
  <testcase name="getLogoFile" time="2.037" classname="Logo">
    <failure type="java.lang.AssertionError" message="The following asserts failed:
	[NumberImage][6] expected [true] but found [false],
	[NumberOfTypeImage] expected [9] but found [6]">
      <![CDATA[java.lang.AssertionError: The following asserts failed:
[NumberImage][6] expected [true] but found [false],
[NumberOfTypeImage] expected [9] but found [6]
at automation.project3ds.Assertion.end(Assertion.java:26)
at Logo.getLogoFile(Logo.java:209)
... Removed 25 stack frames]]>
    </failure>
  </testcase> <!-- getLogoFile -->
  <testcase name="getLogoFile" time="1.938" classname="Logo">
    <failure type="java.lang.AssertionError" message="The following asserts failed:
	[NumberImage][6] expected [true] but found [false],
	[NumberOfTypeImage] expected [9] but found [6]">
      <![CDATA[java.lang.AssertionError: The following asserts failed:
[NumberImage][6] expected [true] but found [false],
[NumberOfTypeImage] expected [9] but found [6]
at automation.project3ds.Assertion.end(Assertion.java:26)
at Logo.getLogoFile(Logo.java:209)
... Removed 25 stack frames]]>
    </failure>
  </testcase> <!-- getLogoFile -->
  <testcase name="getLogoFile" time="2.782" classname="Logo">
    <failure type="java.lang.AssertionError" message="The following asserts failed:
	[NumberImage][6] expected [true] but found [false],
	[NAME] expected [name] but found [ps-banrisul-d@2x],
	[NAME] expected [name] but found [ps-banrisul-@2x],
	[NumberOfTypeImage] expected [9] but found [6]">
      <![CDATA[java.lang.AssertionError: The following asserts failed:
[NumberImage][6] expected [true] but found [false],
[NAME] expected [name] but found [ps-banrisul-d@2x],
[NAME] expected [name] but found [ps-banrisul-@2x],
[NumberOfTypeImage] expected [9] but found [6]
at automation.project3ds.Assertion.end(Assertion.java:26)
at Logo.getLogoFile(Logo.java:209)
... Removed 25 stack frames]]>
    </failure>
  </testcase> <!-- getLogoFile -->
  <testcase name="getLogoFile" time="2.315" classname="Logo"/>
  <testcase name="getLogoFile" time="2.731" classname="Logo">
    <failure type="java.lang.AssertionError" message="The following asserts failed:
	[NumberImage][6] expected [true] but found [false],
	[NumberOfTypeImage] expected [9] but found [6],
	[ImageNotFound] expected [] but found [dark2],
	[ImageNotFound] expected [] but found [dark3],
	[ImageNotFound] expected [] but found [light3],
	[ImageNotFound] expected [] but found [light2]">
      <![CDATA[java.lang.AssertionError: The following asserts failed:
[NumberImage][6] expected [true] but found [false],
[NumberOfTypeImage] expected [9] but found [6],
[ImageNotFound] expected [] but found [dark2],
[ImageNotFound] expected [] but found [dark3],
[ImageNotFound] expected [] but found [light3],
[ImageNotFound] expected [] but found [light2]
at automation.project3ds.Assertion.end(Assertion.java:26)
at Logo.getLogoFile(Logo.java:209)
... Removed 25 stack frames]]>
    </failure>
  </testcase> <!-- getLogoFile -->
  <testcase name="getLogoFile" time="2.946" classname="Logo">
    <failure type="java.lang.AssertionError" message="The following asserts failed:
	[NumberImage][6] expected [true] but found [false],
	[NumberOfTypeImage] expected [9] but found [6],
	[ImageNotFound] expected [] but found [dark2],
	[ImageNotFound] expected [] but found [dark3],
	[ImageNotFound] expected [] but found [light3],
	[ImageNotFound] expected [] but found [light2]">
      <![CDATA[java.lang.AssertionError: The following asserts failed:
[NumberImage][6] expected [true] but found [false],
[NumberOfTypeImage] expected [9] but found [6],
[ImageNotFound] expected [] but found [dark2],
[ImageNotFound] expected [] but found [dark3],
[ImageNotFound] expected [] but found [light3],
[ImageNotFound] expected [] but found [light2]
at automation.project3ds.Assertion.end(Assertion.java:26)
at Logo.getLogoFile(Logo.java:209)
... Removed 25 stack frames]]>
    </failure>
  </testcase> <!-- getLogoFile -->
  <testcase name="getLogoFile" time="3.094" classname="Logo">
    <failure type="java.lang.AssertionError" message="The following asserts failed:
	[NumberImage][6] expected [true] but found [false],
	[NumberOfTypeImage] expected [9] but found [6],
	[ImageNotFound] expected [] but found [dark2],
	[ImageNotFound] expected [] but found [dark3],
	[ImageNotFound] expected [] but found [light3],
	[ImageNotFound] expected [] but found [light2]">
      <![CDATA[java.lang.AssertionError: The following asserts failed:
[NumberImage][6] expected [true] but found [false],
[NumberOfTypeImage] expected [9] but found [6],
[ImageNotFound] expected [] but found [dark2],
[ImageNotFound] expected [] but found [dark3],
[ImageNotFound] expected [] but found [light3],
[ImageNotFound] expected [] but found [light2]
at automation.project3ds.Assertion.end(Assertion.java:26)
at Logo.getLogoFile(Logo.java:209)
... Removed 25 stack frames]]>
    </failure>
  </testcase> <!-- getLogoFile -->
  <testcase name="getLogoFile" time="2.994" classname="Logo">
    <failure type="java.lang.AssertionError" message="The following asserts failed:
	[NumberImage][6] expected [true] but found [false],
	[NumberOfTypeImage] expected [9] but found [6],
	[ImageNotFound] expected [] but found [dark2],
	[ImageNotFound] expected [] but found [dark3],
	[ImageNotFound] expected [] but found [light3],
	[ImageNotFound] expected [] but found [light2]">
      <![CDATA[java.lang.AssertionError: The following asserts failed:
[NumberImage][6] expected [true] but found [false],
[NumberOfTypeImage] expected [9] but found [6],
[ImageNotFound] expected [] but found [dark2],
[ImageNotFound] expected [] but found [dark3],
[ImageNotFound] expected [] but found [light3],
[ImageNotFound] expected [] but found [light2]
at automation.project3ds.Assertion.end(Assertion.java:26)
at Logo.getLogoFile(Logo.java:209)
... Removed 25 stack frames]]>
    </failure>
  </testcase> <!-- getLogoFile -->
  <testcase name="getLogoFile" time="3.073" classname="Logo">
    <failure type="java.lang.AssertionError" message="The following asserts failed:
	[NumberImage][6] expected [true] but found [false],
	[NumberOfTypeImage] expected [9] but found [6],
	[ImageNotFound] expected [] but found [dark2],
	[ImageNotFound] expected [] but found [dark3],
	[ImageNotFound] expected [] but found [light3],
	[ImageNotFound] expected [] but found [light2]">
      <![CDATA[java.lang.AssertionError: The following asserts failed:
[NumberImage][6] expected [true] but found [false],
[NumberOfTypeImage] expected [9] but found [6],
[ImageNotFound] expected [] but found [dark2],
[ImageNotFound] expected [] but found [dark3],
[ImageNotFound] expected [] but found [light3],
[ImageNotFound] expected [] but found [light2]
at automation.project3ds.Assertion.end(Assertion.java:26)
at Logo.getLogoFile(Logo.java:209)
... Removed 25 stack frames]]>
    </failure>
  </testcase> <!-- getLogoFile -->
  <testcase name="getLogoFile" time="2.958" classname="Logo">
    <failure type="java.lang.AssertionError" message="The following asserts failed:
	[NumberImage][6] expected [true] but found [false],
	[NumberOfTypeImage] expected [9] but found [6],
	[ImageNotFound] expected [] but found [dark2],
	[ImageNotFound] expected [] but found [dark3],
	[ImageNotFound] expected [] but found [light3],
	[ImageNotFound] expected [] but found [light2]">
      <![CDATA[java.lang.AssertionError: The following asserts failed:
[NumberImage][6] expected [true] but found [false],
[NumberOfTypeImage] expected [9] but found [6],
[ImageNotFound] expected [] but found [dark2],
[ImageNotFound] expected [] but found [dark3],
[ImageNotFound] expected [] but found [light3],
[ImageNotFound] expected [] but found [light2]
at automation.project3ds.Assertion.end(Assertion.java:26)
at Logo.getLogoFile(Logo.java:209)
... Removed 24 stack frames]]>
    </failure>
  </testcase> <!-- getLogoFile -->
  <testcase name="getLogoFile" time="0.013" classname="Logo">
    <failure type="java.lang.AssertionError" message="The following asserts failed:
	[NumberImage][0] expected [true] but found [false],
	[NumberOfTypeImage] expected [9] but found [0]">
      <![CDATA[java.lang.AssertionError: The following asserts failed:
[NumberImage][0] expected [true] but found [false],
[NumberOfTypeImage] expected [9] but found [0]
at automation.project3ds.Assertion.end(Assertion.java:26)
at Logo.getLogoFile(Logo.java:209)
... Removed 24 stack frames]]>
    </failure>
  </testcase> <!-- getLogoFile -->
  <testcase name="getLogoFile" time="2.448" classname="Logo">
    <failure type="java.lang.AssertionError" message="The following asserts failed:
	[NumberImage][6] expected [true] but found [false],
	[NumberOfTypeImage] expected [9] but found [6]">
      <![CDATA[java.lang.AssertionError: The following asserts failed:
[NumberImage][6] expected [true] but found [false],
[NumberOfTypeImage] expected [9] but found [6]
at automation.project3ds.Assertion.end(Assertion.java:26)
at Logo.getLogoFile(Logo.java:209)
... Removed 24 stack frames]]>
    </failure>
  </testcase> <!-- getLogoFile -->
  <testcase name="getLogoFile" time="2.292" classname="Logo">
    <failure type="java.lang.AssertionError" message="The following asserts failed:
	[NumberImage][6] expected [true] but found [false],
	[NumberOfTypeImage] expected [9] but found [6]">
      <![CDATA[java.lang.AssertionError: The following asserts failed:
[NumberImage][6] expected [true] but found [false],
[NumberOfTypeImage] expected [9] but found [6]
at automation.project3ds.Assertion.end(Assertion.java:26)
at Logo.getLogoFile(Logo.java:209)
... Removed 24 stack frames]]>
    </failure>
  </testcase> <!-- getLogoFile -->
  <testcase name="getLogoFile" time="0.005" classname="Logo">
    <failure type="java.lang.AssertionError" message="The following asserts failed:
	[NumberImage][1] expected [true] but found [false],
	[NAME] expected [name] but found [culture voucher_original],
	[NumberOfTypeImage] expected [9] but found [0]">
      <![CDATA[java.lang.AssertionError: The following asserts failed:
[NumberImage][1] expected [true] but found [false],
[NAME] expected [name] but found [culture voucher_original],
[NumberOfTypeImage] expected [9] but found [0]
at automation.project3ds.Assertion.end(Assertion.java:26)
at Logo.getLogoFile(Logo.java:209)
... Removed 24 stack frames]]>
    </failure>
  </testcase> <!-- getLogoFile -->
  <testcase name="getLogoFile" time="2.527" classname="Logo">
    <failure type="java.lang.AssertionError" message="The following asserts failed:
	[ImageNotFound] expected [] but found [dark2],
	[ImageNotFound] expected [] but found [dark3],
	[ImageNotFound] expected [] but found [light3],
	[ImageNotFound] expected [] but found [light2]">
      <![CDATA[java.lang.AssertionError: The following asserts failed:
[ImageNotFound] expected [] but found [dark2],
[ImageNotFound] expected [] but found [dark3],
[ImageNotFound] expected [] but found [light3],
[ImageNotFound] expected [] but found [light2]
at automation.project3ds.Assertion.end(Assertion.java:26)
at Logo.getLogoFile(Logo.java:209)
... Removed 24 stack frames]]>
    </failure>
  </testcase> <!-- getLogoFile -->
  <testcase name="getLogoFile" time="3.349" classname="Logo">
    <failure type="java.lang.AssertionError" message="The following asserts failed:
	[NAME] expected [name] but found [book voucher v5],
	[NAME] expected [name] but found [book voucher v7],
	[NAME] expected [name] but found [book voucher_original],
	[NumberOfTypeImage] expected [9] but found [8],
	[multi][Height] expected [43] but found [44],
	[ImageNotFound] expected [] but found [dark2],
	[ImageNotFound] expected [] but found [dark3],
	[ImageNotFound] expected [] but found [light3],
	[ImageNotFound] expected [] but found [light2]">
      <![CDATA[java.lang.AssertionError: The following asserts failed:
[NAME] expected [name] but found [book voucher v5],
[NAME] expected [name] but found [book voucher v7],
[NAME] expected [name] but found [book voucher_original],
[NumberOfTypeImage] expected [9] but found [8],
[multi][Height] expected [43] but found [44],
[ImageNotFound] expected [] but found [dark2],
[ImageNotFound] expected [] but found [dark3],
[ImageNotFound] expected [] but found [light3],
[ImageNotFound] expected [] but found [light2]
at automation.project3ds.Assertion.end(Assertion.java:26)
at Logo.getLogoFile(Logo.java:209)
... Removed 24 stack frames]]>
    </failure>
  </testcase> <!-- getLogoFile -->
  <testcase name="getLogoFile" time="3.201" classname="Logo">
    <failure type="java.lang.AssertionError" message="The following asserts failed:
	[NumberImage][6] expected [true] but found [false],
	[NumberOfTypeImage] expected [9] but found [6],
	[ImageNotFound] expected [] but found [dark2],
	[ImageNotFound] expected [] but found [dark3],
	[ImageNotFound] expected [] but found [light3],
	[ImageNotFound] expected [] but found [light2]">
      <![CDATA[java.lang.AssertionError: The following asserts failed:
[NumberImage][6] expected [true] but found [false],
[NumberOfTypeImage] expected [9] but found [6],
[ImageNotFound] expected [] but found [dark2],
[ImageNotFound] expected [] but found [dark3],
[ImageNotFound] expected [] but found [light3],
[ImageNotFound] expected [] but found [light2]
at automation.project3ds.Assertion.end(Assertion.java:26)
at Logo.getLogoFile(Logo.java:209)
... Removed 24 stack frames]]>
    </failure>
  </testcase> <!-- getLogoFile -->
  <testcase name="getLogoFile" time="3.423" classname="Logo">
    <failure type="java.lang.AssertionError" message="The following asserts failed:
	[NumberImage][6] expected [true] but found [false],
	[NumberOfTypeImage] expected [9] but found [6],
	[ImageNotFound] expected [] but found [dark2],
	[ImageNotFound] expected [] but found [dark3],
	[ImageNotFound] expected [] but found [light3],
	[ImageNotFound] expected [] but found [light2]">
      <![CDATA[java.lang.AssertionError: The following asserts failed:
[NumberImage][6] expected [true] but found [false],
[NumberOfTypeImage] expected [9] but found [6],
[ImageNotFound] expected [] but found [dark2],
[ImageNotFound] expected [] but found [dark3],
[ImageNotFound] expected [] but found [light3],
[ImageNotFound] expected [] but found [light2]
at automation.project3ds.Assertion.end(Assertion.java:26)
at Logo.getLogoFile(Logo.java:209)
... Removed 24 stack frames]]>
    </failure>
  </testcase> <!-- getLogoFile -->
  <testcase name="getLogoFile" time="3.032" classname="Logo">
    <failure type="java.lang.AssertionError" message="The following asserts failed:
	[NumberImage][6] expected [true] but found [false],
	[NumberOfTypeImage] expected [9] but found [6],
	[ImageNotFound] expected [] but found [dark2],
	[ImageNotFound] expected [] but found [dark3],
	[ImageNotFound] expected [] but found [light3],
	[ImageNotFound] expected [] but found [light2]">
      <![CDATA[java.lang.AssertionError: The following asserts failed:
[NumberImage][6] expected [true] but found [false],
[NumberOfTypeImage] expected [9] but found [6],
[ImageNotFound] expected [] but found [dark2],
[ImageNotFound] expected [] but found [dark3],
[ImageNotFound] expected [] but found [light3],
[ImageNotFound] expected [] but found [light2]
at automation.project3ds.Assertion.end(Assertion.java:26)
at Logo.getLogoFile(Logo.java:209)
... Removed 24 stack frames]]>
    </failure>
  </testcase> <!-- getLogoFile -->
  <testcase name="getLogoFile" time="0.011" classname="Logo">
    <failure type="java.lang.AssertionError" message="The following asserts failed:
	[NumberImage][0] expected [true] but found [false],
	[NumberOfTypeImage] expected [9] but found [0]">
      <![CDATA[java.lang.AssertionError: The following asserts failed:
[NumberImage][0] expected [true] but found [false],
[NumberOfTypeImage] expected [9] but found [0]
at automation.project3ds.Assertion.end(Assertion.java:26)
at Logo.getLogoFile(Logo.java:209)
... Removed 24 stack frames]]>
    </failure>
  </testcase> <!-- getLogoFile -->
  <testcase name="getLogoFile" time="3.025" classname="Logo">
    <failure type="java.lang.AssertionError" message="The following asserts failed:
	[NumberImage][6] expected [true] but found [false],
	[NumberOfTypeImage] expected [9] but found [6],
	[ImageNotFound] expected [] but found [dark2],
	[ImageNotFound] expected [] but found [dark3],
	[ImageNotFound] expected [] but found [light3],
	[ImageNotFound] expected [] but found [light2]">
      <![CDATA[java.lang.AssertionError: The following asserts failed:
[NumberImage][6] expected [true] but found [false],
[NumberOfTypeImage] expected [9] but found [6],
[ImageNotFound] expected [] but found [dark2],
[ImageNotFound] expected [] but found [dark3],
[ImageNotFound] expected [] but found [light3],
[ImageNotFound] expected [] but found [light2]
at automation.project3ds.Assertion.end(Assertion.java:26)
at Logo.getLogoFile(Logo.java:209)
... Removed 24 stack frames]]>
    </failure>
  </testcase> <!-- getLogoFile -->
  <testcase name="getLogoFile" time="3.124" classname="Logo">
    <failure type="java.lang.AssertionError" message="The following asserts failed:
	[NumberImage][6] expected [true] but found [false],
	[NumberOfTypeImage] expected [9] but found [6],
	[ImageNotFound] expected [] but found [dark2],
	[ImageNotFound] expected [] but found [dark3],
	[ImageNotFound] expected [] but found [light3],
	[ImageNotFound] expected [] but found [light2]">
      <![CDATA[java.lang.AssertionError: The following asserts failed:
[NumberImage][6] expected [true] but found [false],
[NumberOfTypeImage] expected [9] but found [6],
[ImageNotFound] expected [] but found [dark2],
[ImageNotFound] expected [] but found [dark3],
[ImageNotFound] expected [] but found [light3],
[ImageNotFound] expected [] but found [light2]
at automation.project3ds.Assertion.end(Assertion.java:26)
at Logo.getLogoFile(Logo.java:209)
... Removed 24 stack frames]]>
    </failure>
  </testcase> <!-- getLogoFile -->
  <testcase name="getLogoFile" time="3.096" classname="Logo">
    <failure type="java.lang.AssertionError" message="The following asserts failed:
	[NumberImage][6] expected [true] but found [false],
	[NumberOfTypeImage] expected [9] but found [6],
	[ImageNotFound] expected [] but found [dark2],
	[ImageNotFound] expected [] but found [dark3],
	[ImageNotFound] expected [] but found [light3],
	[ImageNotFound] expected [] but found [light2]">
      <![CDATA[java.lang.AssertionError: The following asserts failed:
[NumberImage][6] expected [true] but found [false],
[NumberOfTypeImage] expected [9] but found [6],
[ImageNotFound] expected [] but found [dark2],
[ImageNotFound] expected [] but found [dark3],
[ImageNotFound] expected [] but found [light3],
[ImageNotFound] expected [] but found [light2]
at automation.project3ds.Assertion.end(Assertion.java:26)
at Logo.getLogoFile(Logo.java:209)
... Removed 24 stack frames]]>
    </failure>
  </testcase> <!-- getLogoFile -->
  <testcase name="getLogoFile" time="3.073" classname="Logo">
    <failure type="java.lang.AssertionError" message="The following asserts failed:
	[NumberImage][6] expected [true] but found [false],
	[NumberOfTypeImage] expected [9] but found [6],
	[ImageNotFound] expected [] but found [dark2],
	[ImageNotFound] expected [] but found [dark3],
	[ImageNotFound] expected [] but found [light3],
	[ImageNotFound] expected [] but found [light2]">
      <![CDATA[java.lang.AssertionError: The following asserts failed:
[NumberImage][6] expected [true] but found [false],
[NumberOfTypeImage] expected [9] but found [6],
[ImageNotFound] expected [] but found [dark2],
[ImageNotFound] expected [] but found [dark3],
[ImageNotFound] expected [] but found [light3],
[ImageNotFound] expected [] but found [light2]
at automation.project3ds.Assertion.end(Assertion.java:26)
at Logo.getLogoFile(Logo.java:209)
... Removed 24 stack frames]]>
    </failure>
  </testcase> <!-- getLogoFile -->
  <testcase name="getLogoFile" time="3.079" classname="Logo">
    <failure type="java.lang.AssertionError" message="The following asserts failed:
	[NumberImage][6] expected [true] but found [false],
	[NumberOfTypeImage] expected [9] but found [6],
	[ImageNotFound] expected [] but found [dark2],
	[ImageNotFound] expected [] but found [dark3],
	[ImageNotFound] expected [] but found [light3],
	[ImageNotFound] expected [] but found [light2]">
      <![CDATA[java.lang.AssertionError: The following asserts failed:
[NumberImage][6] expected [true] but found [false],
[NumberOfTypeImage] expected [9] but found [6],
[ImageNotFound] expected [] but found [dark2],
[ImageNotFound] expected [] but found [dark3],
[ImageNotFound] expected [] but found [light3],
[ImageNotFound] expected [] but found [light2]
at automation.project3ds.Assertion.end(Assertion.java:26)
at Logo.getLogoFile(Logo.java:209)
... Removed 24 stack frames]]>
    </failure>
  </testcase> <!-- getLogoFile -->
  <testcase name="getLogoFile" time="3.001" classname="Logo">
    <failure type="java.lang.AssertionError" message="The following asserts failed:
	[NumberImage][6] expected [true] but found [false],
	[NumberOfTypeImage] expected [9] but found [6],
	[ImageNotFound] expected [] but found [dark2],
	[ImageNotFound] expected [] but found [dark3],
	[ImageNotFound] expected [] but found [light3],
	[ImageNotFound] expected [] but found [light2]">
      <![CDATA[java.lang.AssertionError: The following asserts failed:
[NumberImage][6] expected [true] but found [false],
[NumberOfTypeImage] expected [9] but found [6],
[ImageNotFound] expected [] but found [dark2],
[ImageNotFound] expected [] but found [dark3],
[ImageNotFound] expected [] but found [light3],
[ImageNotFound] expected [] but found [light2]
at automation.project3ds.Assertion.end(Assertion.java:26)
at Logo.getLogoFile(Logo.java:209)
... Removed 24 stack frames]]>
    </failure>
  </testcase> <!-- getLogoFile -->
  <testcase name="getLogoFile" time="3.211" classname="Logo">
    <failure type="java.lang.AssertionError" message="The following asserts failed:
	[ImageNotFound] expected [] but found [dark2],
	[ImageNotFound] expected [] but found [dark3],
	[ImageNotFound] expected [] but found [light3],
	[ImageNotFound] expected [] but found [light2]">
      <![CDATA[java.lang.AssertionError: The following asserts failed:
[ImageNotFound] expected [] but found [dark2],
[ImageNotFound] expected [] but found [dark3],
[ImageNotFound] expected [] but found [light3],
[ImageNotFound] expected [] but found [light2]
at automation.project3ds.Assertion.end(Assertion.java:26)
at Logo.getLogoFile(Logo.java:209)
... Removed 24 stack frames]]>
    </failure>
  </testcase> <!-- getLogoFile -->
  <testcase name="getLogoFile" time="3.087" classname="Logo">
    <failure type="java.lang.AssertionError" message="The following asserts failed:
	[NumberImage][6] expected [true] but found [false],
	[NumberOfTypeImage] expected [9] but found [6],
	[ImageNotFound] expected [] but found [dark2],
	[ImageNotFound] expected [] but found [dark3],
	[ImageNotFound] expected [] but found [light3],
	[ImageNotFound] expected [] but found [light2]">
      <![CDATA[java.lang.AssertionError: The following asserts failed:
[NumberImage][6] expected [true] but found [false],
[NumberOfTypeImage] expected [9] but found [6],
[ImageNotFound] expected [] but found [dark2],
[ImageNotFound] expected [] but found [dark3],
[ImageNotFound] expected [] but found [light3],
[ImageNotFound] expected [] but found [light2]
at automation.project3ds.Assertion.end(Assertion.java:26)
at Logo.getLogoFile(Logo.java:209)
... Removed 24 stack frames]]>
    </failure>
  </testcase> <!-- getLogoFile -->
  <testcase name="getLogoFile" time="3.189" classname="Logo">
    <failure type="java.lang.AssertionError" message="The following asserts failed:
	[NumberImage][6] expected [true] but found [false],
	[NumberOfTypeImage] expected [9] but found [6],
	[ImageNotFound] expected [] but found [dark2],
	[ImageNotFound] expected [] but found [dark3],
	[ImageNotFound] expected [] but found [light3],
	[ImageNotFound] expected [] but found [light2]">
      <![CDATA[java.lang.AssertionError: The following asserts failed:
[NumberImage][6] expected [true] but found [false],
[NumberOfTypeImage] expected [9] but found [6],
[ImageNotFound] expected [] but found [dark2],
[ImageNotFound] expected [] but found [dark3],
[ImageNotFound] expected [] but found [light3],
[ImageNotFound] expected [] but found [light2]
at automation.project3ds.Assertion.end(Assertion.java:26)
at Logo.getLogoFile(Logo.java:209)
... Removed 24 stack frames]]>
    </failure>
  </testcase> <!-- getLogoFile -->
  <testcase name="getLogoFile" time="3.051" classname="Logo">
    <failure type="java.lang.AssertionError" message="The following asserts failed:
	[NumberImage][6] expected [true] but found [false],
	[NumberOfTypeImage] expected [9] but found [6],
	[ImageNotFound] expected [] but found [dark2],
	[ImageNotFound] expected [] but found [dark3],
	[ImageNotFound] expected [] but found [light3],
	[ImageNotFound] expected [] but found [light2]">
      <![CDATA[java.lang.AssertionError: The following asserts failed:
[NumberImage][6] expected [true] but found [false],
[NumberOfTypeImage] expected [9] but found [6],
[ImageNotFound] expected [] but found [dark2],
[ImageNotFound] expected [] but found [dark3],
[ImageNotFound] expected [] but found [light3],
[ImageNotFound] expected [] but found [light2]
at automation.project3ds.Assertion.end(Assertion.java:26)
at Logo.getLogoFile(Logo.java:209)
... Removed 24 stack frames]]>
    </failure>
  </testcase> <!-- getLogoFile -->
  <testcase name="getLogoFile" time="3.132" classname="Logo">
    <failure type="java.lang.AssertionError" message="The following asserts failed:
	[ImageNotFound] expected [] but found [dark2],
	[ImageNotFound] expected [] but found [dark3],
	[ImageNotFound] expected [] but found [light3],
	[ImageNotFound] expected [] but found [light2]">
      <![CDATA[java.lang.AssertionError: The following asserts failed:
[ImageNotFound] expected [] but found [dark2],
[ImageNotFound] expected [] but found [dark3],
[ImageNotFound] expected [] but found [light3],
[ImageNotFound] expected [] but found [light2]
at automation.project3ds.Assertion.end(Assertion.java:26)
at Logo.getLogoFile(Logo.java:209)
... Removed 24 stack frames]]>
    </failure>
  </testcase> <!-- getLogoFile -->
  <testcase name="getLogoFile" time="0.014" classname="Logo">
    <failure type="java.lang.AssertionError" message="The following asserts failed:
	[NumberImage][0] expected [true] but found [false],
	[NumberOfTypeImage] expected [9] but found [0]">
      <![CDATA[java.lang.AssertionError: The following asserts failed:
[NumberImage][0] expected [true] but found [false],
[NumberOfTypeImage] expected [9] but found [0]
at automation.project3ds.Assertion.end(Assertion.java:26)
at Logo.getLogoFile(Logo.java:209)
... Removed 24 stack frames]]>
    </failure>
  </testcase> <!-- getLogoFile -->
  <testcase name="getLogoFile" time="0.009" classname="Logo">
    <failure type="java.lang.AssertionError" message="The following asserts failed:
	[NumberImage][0] expected [true] but found [false],
	[NumberOfTypeImage] expected [9] but found [0]">
      <![CDATA[java.lang.AssertionError: The following asserts failed:
[NumberImage][0] expected [true] but found [false],
[NumberOfTypeImage] expected [9] but found [0]
at automation.project3ds.Assertion.end(Assertion.java:26)
at Logo.getLogoFile(Logo.java:209)
... Removed 24 stack frames]]>
    </failure>
  </testcase> <!-- getLogoFile -->
  <testcase name="getLogoFile" time="2.278" classname="Logo"/>
  <testcase name="getLogoFile" time="0.004" classname="Logo">
    <failure type="java.lang.AssertionError" message="The following asserts failed:
	[NumberImage][0] expected [true] but found [false],
	[NumberOfTypeImage] expected [9] but found [0]">
      <![CDATA[java.lang.AssertionError: The following asserts failed:
[NumberImage][0] expected [true] but found [false],
[NumberOfTypeImage] expected [9] but found [0]
at automation.project3ds.Assertion.end(Assertion.java:26)
at Logo.getLogoFile(Logo.java:209)
... Removed 24 stack frames]]>
    </failure>
  </testcase> <!-- getLogoFile -->
  <testcase name="getLogoFile" time="0.003" classname="Logo">
    <failure type="java.lang.AssertionError" message="The following asserts failed:
	[NumberImage][0] expected [true] but found [false],
	[NumberOfTypeImage] expected [9] but found [0]">
      <![CDATA[java.lang.AssertionError: The following asserts failed:
[NumberImage][0] expected [true] but found [false],
[NumberOfTypeImage] expected [9] but found [0]
at automation.project3ds.Assertion.end(Assertion.java:26)
at Logo.getLogoFile(Logo.java:209)
... Removed 24 stack frames]]>
    </failure>
  </testcase> <!-- getLogoFile -->
  <testcase name="getLogoFile" time="0.003" classname="Logo">
    <failure type="java.lang.AssertionError" message="The following asserts failed:
	[NumberImage][0] expected [true] but found [false],
	[NumberOfTypeImage] expected [9] but found [0]">
      <![CDATA[java.lang.AssertionError: The following asserts failed:
[NumberImage][0] expected [true] but found [false],
[NumberOfTypeImage] expected [9] but found [0]
at automation.project3ds.Assertion.end(Assertion.java:26)
at Logo.getLogoFile(Logo.java:209)
... Removed 24 stack frames]]>
    </failure>
  </testcase> <!-- getLogoFile -->
  <testcase name="getLogoFile" time="0.003" classname="Logo">
    <failure type="java.lang.AssertionError" message="The following asserts failed:
	[NumberImage][0] expected [true] but found [false],
	[NumberOfTypeImage] expected [9] but found [0]">
      <![CDATA[java.lang.AssertionError: The following asserts failed:
[NumberImage][0] expected [true] but found [false],
[NumberOfTypeImage] expected [9] but found [0]
at automation.project3ds.Assertion.end(Assertion.java:26)
at Logo.getLogoFile(Logo.java:209)
... Removed 24 stack frames]]>
    </failure>
  </testcase> <!-- getLogoFile -->
  <testcase name="getLogoFile" time="0.01" classname="Logo">
    <failure type="java.lang.AssertionError" message="The following asserts failed:
	[NumberImage][0] expected [true] but found [false],
	[NumberOfTypeImage] expected [9] but found [0]">
      <![CDATA[java.lang.AssertionError: The following asserts failed:
[NumberImage][0] expected [true] but found [false],
[NumberOfTypeImage] expected [9] but found [0]
at automation.project3ds.Assertion.end(Assertion.java:26)
at Logo.getLogoFile(Logo.java:209)
... Removed 24 stack frames]]>
    </failure>
  </testcase> <!-- getLogoFile -->
</testsuite>
