<?xml version="1.0" encoding="UTF-8"?>
<!-- Generated by org.testng.reporters.JUnitXMLReporter -->
<testsuite hostname="PW-HAN-063" ignored="0" tests="46" failures="42" timestamp="06 Sep 2019 09:52:02 GMT" time="99.854" errors="0">
  <testcase name="getLogoFile" time="3.228" classname="Logo"/>
  <testcase name="getLogoFile" time="2.969" classname="Logo">
    <failure type="java.lang.AssertionError" message="The following asserts failed:
	[ImageNotFound] expected [] but found [dark2],
	[ImageNotFound] expected [] but found [dark3],
	[ImageNotFound] expected [] but found [light3],
	[ImageNotFound] expected [] but found [light2]">
      <![CDATA[java.lang.AssertionError: The following asserts failed:
[ImageNotFound] expected [] but found [dark2],
[ImageNotFound] expected [] but found [dark3],
[ImageNotFound] expected [] but found [light3],
[ImageNotFound] expected [] but found [light2]
at automation.project3ds.Assertion.end(Assertion.java:26)
at Logo.getLogoFile(Logo.java:209)
... Removed 25 stack frames]]>
    </failure>
  </testcase> <!-- getLogoFile -->
  <testcase name="getLogoFile" time="2.428" classname="Logo">
    <failure type="java.lang.AssertionError" message="The following asserts failed:
	[NumberImage][6] expected [true] but found [false],
	[NumberOfTypeImage] expected [9] but found [6]">
      <![CDATA[java.lang.AssertionError: The following asserts failed:
[NumberImage][6] expected [true] but found [false],
[NumberOfTypeImage] expected [9] but found [6]
at automation.project3ds.Assertion.end(Assertion.java:26)
at Logo.getLogoFile(Logo.java:209)
... Removed 25 stack frames]]>
    </failure>
  </testcase> <!-- getLogoFile -->
  <testcase name="getLogoFile" time="2.098" classname="Logo"/>
  <testcase name="getLogoFile" time="2.271" classname="Logo">
    <failure type="java.lang.AssertionError" message="The following asserts failed:
	[NumberImage][6] expected [true] but found [false],
	[NumberOfTypeImage] expected [9] but found [6]">
      <![CDATA[java.lang.AssertionError: The following asserts failed:
[NumberImage][6] expected [true] but found [false],
[NumberOfTypeImage] expected [9] but found [6]
at automation.project3ds.Assertion.end(Assertion.java:26)
at Logo.getLogoFile(Logo.java:209)
... Removed 25 stack frames]]>
    </failure>
  </testcase> <!-- getLogoFile -->
  <testcase name="getLogoFile" time="2.479" classname="Logo">
    <failure type="java.lang.AssertionError" message="The following asserts failed:
	[NAME] expected [name] but found [ps-ebanx-d@2x],
	[NAME] expected [name] but found [ps-ebanx-@2x],
	[ImageNotFound] expected [] but found [dark2],
	[ImageNotFound] expected [] but found [dark3],
	[ImageNotFound] expected [] but found [light3],
	[ImageNotFound] expected [] but found [light2]">
      <![CDATA[java.lang.AssertionError: The following asserts failed:
[NAME] expected [name] but found [ps-ebanx-d@2x],
[NAME] expected [name] but found [ps-ebanx-@2x],
[ImageNotFound] expected [] but found [dark2],
[ImageNotFound] expected [] but found [dark3],
[ImageNotFound] expected [] but found [light3],
[ImageNotFound] expected [] but found [light2]
at automation.project3ds.Assertion.end(Assertion.java:26)
at Logo.getLogoFile(Logo.java:209)
... Removed 25 stack frames]]>
    </failure>
  </testcase> <!-- getLogoFile -->
  <testcase name="getLogoFile" time="2.305" classname="Logo">
    <failure type="java.lang.AssertionError" message="The following asserts failed:
	[NumberImage][6] expected [true] but found [false],
	[NumberOfTypeImage] expected [9] but found [6]">
      <![CDATA[java.lang.AssertionError: The following asserts failed:
[NumberImage][6] expected [true] but found [false],
[NumberOfTypeImage] expected [9] but found [6]
at automation.project3ds.Assertion.end(Assertion.java:26)
at Logo.getLogoFile(Logo.java:209)
... Removed 25 stack frames]]>
    </failure>
  </testcase> <!-- getLogoFile -->
  <testcase name="getLogoFile" time="1.818" classname="Logo">
    <failure type="java.lang.AssertionError" message="The following asserts failed:
	[NumberImage][6] expected [true] but found [false],
	[NumberOfTypeImage] expected [9] but found [6]">
      <![CDATA[java.lang.AssertionError: The following asserts failed:
[NumberImage][6] expected [true] but found [false],
[NumberOfTypeImage] expected [9] but found [6]
at automation.project3ds.Assertion.end(Assertion.java:26)
at Logo.getLogoFile(Logo.java:209)
... Removed 25 stack frames]]>
    </failure>
  </testcase> <!-- getLogoFile -->
  <testcase name="getLogoFile" time="1.862" classname="Logo">
    <failure type="java.lang.AssertionError" message="The following asserts failed:
	[NumberImage][6] expected [true] but found [false],
	[NumberOfTypeImage] expected [9] but found [6]">
      <![CDATA[java.lang.AssertionError: The following asserts failed:
[NumberImage][6] expected [true] but found [false],
[NumberOfTypeImage] expected [9] but found [6]
at automation.project3ds.Assertion.end(Assertion.java:26)
at Logo.getLogoFile(Logo.java:209)
... Removed 25 stack frames]]>
    </failure>
  </testcase> <!-- getLogoFile -->
  <testcase name="getLogoFile" time="1.962" classname="Logo">
    <failure type="java.lang.AssertionError" message="The following asserts failed:
	[NumberImage][6] expected [true] but found [false],
	[NAME] expected [name] but found [ps-banrisul-d@2x],
	[NAME] expected [name] but found [ps-banrisul-@2x],
	[NumberOfTypeImage] expected [9] but found [6]">
      <![CDATA[java.lang.AssertionError: The following asserts failed:
[NumberImage][6] expected [true] but found [false],
[NAME] expected [name] but found [ps-banrisul-d@2x],
[NAME] expected [name] but found [ps-banrisul-@2x],
[NumberOfTypeImage] expected [9] but found [6]
at automation.project3ds.Assertion.end(Assertion.java:26)
at Logo.getLogoFile(Logo.java:209)
... Removed 25 stack frames]]>
    </failure>
  </testcase> <!-- getLogoFile -->
  <testcase name="getLogoFile" time="2.055" classname="Logo"/>
  <testcase name="getLogoFile" time="2.592" classname="Logo">
    <failure type="java.lang.AssertionError" message="The following asserts failed:
	[NumberImage][6] expected [true] but found [false],
	[NumberOfTypeImage] expected [9] but found [6],
	[ImageNotFound] expected [] but found [dark2],
	[ImageNotFound] expected [] but found [dark3],
	[ImageNotFound] expected [] but found [light3],
	[ImageNotFound] expected [] but found [light2]">
      <![CDATA[java.lang.AssertionError: The following asserts failed:
[NumberImage][6] expected [true] but found [false],
[NumberOfTypeImage] expected [9] but found [6],
[ImageNotFound] expected [] but found [dark2],
[ImageNotFound] expected [] but found [dark3],
[ImageNotFound] expected [] but found [light3],
[ImageNotFound] expected [] but found [light2]
at automation.project3ds.Assertion.end(Assertion.java:26)
at Logo.getLogoFile(Logo.java:209)
... Removed 25 stack frames]]>
    </failure>
  </testcase> <!-- getLogoFile -->
  <testcase name="getLogoFile" time="2.99" classname="Logo">
    <failure type="java.lang.AssertionError" message="The following asserts failed:
	[NumberImage][6] expected [true] but found [false],
	[NumberOfTypeImage] expected [9] but found [6],
	[ImageNotFound] expected [] but found [dark2],
	[ImageNotFound] expected [] but found [dark3],
	[ImageNotFound] expected [] but found [light3],
	[ImageNotFound] expected [] but found [light2]">
      <![CDATA[java.lang.AssertionError: The following asserts failed:
[NumberImage][6] expected [true] but found [false],
[NumberOfTypeImage] expected [9] but found [6],
[ImageNotFound] expected [] but found [dark2],
[ImageNotFound] expected [] but found [dark3],
[ImageNotFound] expected [] but found [light3],
[ImageNotFound] expected [] but found [light2]
at automation.project3ds.Assertion.end(Assertion.java:26)
at Logo.getLogoFile(Logo.java:209)
... Removed 25 stack frames]]>
    </failure>
  </testcase> <!-- getLogoFile -->
  <testcase name="getLogoFile" time="2.961" classname="Logo">
    <failure type="java.lang.AssertionError" message="The following asserts failed:
	[NumberImage][6] expected [true] but found [false],
	[NumberOfTypeImage] expected [9] but found [6],
	[ImageNotFound] expected [] but found [dark2],
	[ImageNotFound] expected [] but found [dark3],
	[ImageNotFound] expected [] but found [light3],
	[ImageNotFound] expected [] but found [light2]">
      <![CDATA[java.lang.AssertionError: The following asserts failed:
[NumberImage][6] expected [true] but found [false],
[NumberOfTypeImage] expected [9] but found [6],
[ImageNotFound] expected [] but found [dark2],
[ImageNotFound] expected [] but found [dark3],
[ImageNotFound] expected [] but found [light3],
[ImageNotFound] expected [] but found [light2]
at automation.project3ds.Assertion.end(Assertion.java:26)
at Logo.getLogoFile(Logo.java:209)
... Removed 25 stack frames]]>
    </failure>
  </testcase> <!-- getLogoFile -->
  <testcase name="getLogoFile" time="3.131" classname="Logo">
    <failure type="java.lang.AssertionError" message="The following asserts failed:
	[NumberImage][6] expected [true] but found [false],
	[NumberOfTypeImage] expected [9] but found [6],
	[ImageNotFound] expected [] but found [dark2],
	[ImageNotFound] expected [] but found [dark3],
	[ImageNotFound] expected [] but found [light3],
	[ImageNotFound] expected [] but found [light2]">
      <![CDATA[java.lang.AssertionError: The following asserts failed:
[NumberImage][6] expected [true] but found [false],
[NumberOfTypeImage] expected [9] but found [6],
[ImageNotFound] expected [] but found [dark2],
[ImageNotFound] expected [] but found [dark3],
[ImageNotFound] expected [] but found [light3],
[ImageNotFound] expected [] but found [light2]
at automation.project3ds.Assertion.end(Assertion.java:26)
at Logo.getLogoFile(Logo.java:209)
... Removed 25 stack frames]]>
    </failure>
  </testcase> <!-- getLogoFile -->
  <testcase name="getLogoFile" time="2.977" classname="Logo">
    <failure type="java.lang.AssertionError" message="The following asserts failed:
	[NumberImage][6] expected [true] but found [false],
	[NumberOfTypeImage] expected [9] but found [6],
	[ImageNotFound] expected [] but found [dark2],
	[ImageNotFound] expected [] but found [dark3],
	[ImageNotFound] expected [] but found [light3],
	[ImageNotFound] expected [] but found [light2]">
      <![CDATA[java.lang.AssertionError: The following asserts failed:
[NumberImage][6] expected [true] but found [false],
[NumberOfTypeImage] expected [9] but found [6],
[ImageNotFound] expected [] but found [dark2],
[ImageNotFound] expected [] but found [dark3],
[ImageNotFound] expected [] but found [light3],
[ImageNotFound] expected [] but found [light2]
at automation.project3ds.Assertion.end(Assertion.java:26)
at Logo.getLogoFile(Logo.java:209)
... Removed 25 stack frames]]>
    </failure>
  </testcase> <!-- getLogoFile -->
  <testcase name="getLogoFile" time="2.978" classname="Logo">
    <failure type="java.lang.AssertionError" message="The following asserts failed:
	[NumberImage][6] expected [true] but found [false],
	[NumberOfTypeImage] expected [9] but found [6],
	[ImageNotFound] expected [] but found [dark2],
	[ImageNotFound] expected [] but found [dark3],
	[ImageNotFound] expected [] but found [light3],
	[ImageNotFound] expected [] but found [light2]">
      <![CDATA[java.lang.AssertionError: The following asserts failed:
[NumberImage][6] expected [true] but found [false],
[NumberOfTypeImage] expected [9] but found [6],
[ImageNotFound] expected [] but found [dark2],
[ImageNotFound] expected [] but found [dark3],
[ImageNotFound] expected [] but found [light3],
[ImageNotFound] expected [] but found [light2]
at automation.project3ds.Assertion.end(Assertion.java:26)
at Logo.getLogoFile(Logo.java:209)
... Removed 24 stack frames]]>
    </failure>
  </testcase> <!-- getLogoFile -->
  <testcase name="getLogoFile" time="0.015" classname="Logo">
    <failure type="java.lang.AssertionError" message="The following asserts failed:
	[NumberImage][0] expected [true] but found [false],
	[NumberOfTypeImage] expected [9] but found [0]">
      <![CDATA[java.lang.AssertionError: The following asserts failed:
[NumberImage][0] expected [true] but found [false],
[NumberOfTypeImage] expected [9] but found [0]
at automation.project3ds.Assertion.end(Assertion.java:26)
at Logo.getLogoFile(Logo.java:209)
... Removed 24 stack frames]]>
    </failure>
  </testcase> <!-- getLogoFile -->
  <testcase name="getLogoFile" time="2.42" classname="Logo">
    <failure type="java.lang.AssertionError" message="The following asserts failed:
	[NumberImage][6] expected [true] but found [false],
	[NumberOfTypeImage] expected [9] but found [6]">
      <![CDATA[java.lang.AssertionError: The following asserts failed:
[NumberImage][6] expected [true] but found [false],
[NumberOfTypeImage] expected [9] but found [6]
at automation.project3ds.Assertion.end(Assertion.java:26)
at Logo.getLogoFile(Logo.java:209)
... Removed 24 stack frames]]>
    </failure>
  </testcase> <!-- getLogoFile -->
  <testcase name="getLogoFile" time="2.029" classname="Logo">
    <failure type="java.lang.AssertionError" message="The following asserts failed:
	[NumberImage][6] expected [true] but found [false],
	[NumberOfTypeImage] expected [9] but found [6]">
      <![CDATA[java.lang.AssertionError: The following asserts failed:
[NumberImage][6] expected [true] but found [false],
[NumberOfTypeImage] expected [9] but found [6]
at automation.project3ds.Assertion.end(Assertion.java:26)
at Logo.getLogoFile(Logo.java:209)
... Removed 24 stack frames]]>
    </failure>
  </testcase> <!-- getLogoFile -->
  <testcase name="getLogoFile" time="0.004" classname="Logo">
    <failure type="java.lang.AssertionError" message="The following asserts failed:
	[NumberImage][1] expected [true] but found [false],
	[NAME] expected [name] but found [culture voucher_original],
	[NumberOfTypeImage] expected [9] but found [0]">
      <![CDATA[java.lang.AssertionError: The following asserts failed:
[NumberImage][1] expected [true] but found [false],
[NAME] expected [name] but found [culture voucher_original],
[NumberOfTypeImage] expected [9] but found [0]
at automation.project3ds.Assertion.end(Assertion.java:26)
at Logo.getLogoFile(Logo.java:209)
... Removed 24 stack frames]]>
    </failure>
  </testcase> <!-- getLogoFile -->
  <testcase name="getLogoFile" time="2.718" classname="Logo">
    <failure type="java.lang.AssertionError" message="The following asserts failed:
	[ImageNotFound] expected [] but found [dark2],
	[ImageNotFound] expected [] but found [dark3],
	[ImageNotFound] expected [] but found [light3],
	[ImageNotFound] expected [] but found [light2]">
      <![CDATA[java.lang.AssertionError: The following asserts failed:
[ImageNotFound] expected [] but found [dark2],
[ImageNotFound] expected [] but found [dark3],
[ImageNotFound] expected [] but found [light3],
[ImageNotFound] expected [] but found [light2]
at automation.project3ds.Assertion.end(Assertion.java:26)
at Logo.getLogoFile(Logo.java:209)
... Removed 24 stack frames]]>
    </failure>
  </testcase> <!-- getLogoFile -->
  <testcase name="getLogoFile" time="3.101" classname="Logo">
    <failure type="java.lang.AssertionError" message="The following asserts failed:
	[NAME] expected [name] but found [book voucher v5],
	[NAME] expected [name] but found [book voucher v7],
	[NAME] expected [name] but found [book voucher_original],
	[NumberOfTypeImage] expected [9] but found [8],
	[multi][Height] expected [43] but found [44],
	[ImageNotFound] expected [] but found [dark2],
	[ImageNotFound] expected [] but found [dark3],
	[ImageNotFound] expected [] but found [light3],
	[ImageNotFound] expected [] but found [light2]">
      <![CDATA[java.lang.AssertionError: The following asserts failed:
[NAME] expected [name] but found [book voucher v5],
[NAME] expected [name] but found [book voucher v7],
[NAME] expected [name] but found [book voucher_original],
[NumberOfTypeImage] expected [9] but found [8],
[multi][Height] expected [43] but found [44],
[ImageNotFound] expected [] but found [dark2],
[ImageNotFound] expected [] but found [dark3],
[ImageNotFound] expected [] but found [light3],
[ImageNotFound] expected [] but found [light2]
at automation.project3ds.Assertion.end(Assertion.java:26)
at Logo.getLogoFile(Logo.java:209)
... Removed 24 stack frames]]>
    </failure>
  </testcase> <!-- getLogoFile -->
  <testcase name="getLogoFile" time="2.953" classname="Logo">
    <failure type="java.lang.AssertionError" message="The following asserts failed:
	[NumberImage][6] expected [true] but found [false],
	[NumberOfTypeImage] expected [9] but found [6],
	[ImageNotFound] expected [] but found [dark2],
	[ImageNotFound] expected [] but found [dark3],
	[ImageNotFound] expected [] but found [light3],
	[ImageNotFound] expected [] but found [light2]">
      <![CDATA[java.lang.AssertionError: The following asserts failed:
[NumberImage][6] expected [true] but found [false],
[NumberOfTypeImage] expected [9] but found [6],
[ImageNotFound] expected [] but found [dark2],
[ImageNotFound] expected [] but found [dark3],
[ImageNotFound] expected [] but found [light3],
[ImageNotFound] expected [] but found [light2]
at automation.project3ds.Assertion.end(Assertion.java:26)
at Logo.getLogoFile(Logo.java:209)
... Removed 24 stack frames]]>
    </failure>
  </testcase> <!-- getLogoFile -->
  <testcase name="getLogoFile" time="3.374" classname="Logo">
    <failure type="java.lang.AssertionError" message="The following asserts failed:
	[NumberImage][6] expected [true] but found [false],
	[NumberOfTypeImage] expected [9] but found [6],
	[ImageNotFound] expected [] but found [dark2],
	[ImageNotFound] expected [] but found [dark3],
	[ImageNotFound] expected [] but found [light3],
	[ImageNotFound] expected [] but found [light2]">
      <![CDATA[java.lang.AssertionError: The following asserts failed:
[NumberImage][6] expected [true] but found [false],
[NumberOfTypeImage] expected [9] but found [6],
[ImageNotFound] expected [] but found [dark2],
[ImageNotFound] expected [] but found [dark3],
[ImageNotFound] expected [] but found [light3],
[ImageNotFound] expected [] but found [light2]
at automation.project3ds.Assertion.end(Assertion.java:26)
at Logo.getLogoFile(Logo.java:209)
... Removed 24 stack frames]]>
    </failure>
  </testcase> <!-- getLogoFile -->
  <testcase name="getLogoFile" time="3.03" classname="Logo">
    <failure type="java.lang.AssertionError" message="The following asserts failed:
	[NumberImage][6] expected [true] but found [false],
	[NumberOfTypeImage] expected [9] but found [6],
	[ImageNotFound] expected [] but found [dark2],
	[ImageNotFound] expected [] but found [dark3],
	[ImageNotFound] expected [] but found [light3],
	[ImageNotFound] expected [] but found [light2]">
      <![CDATA[java.lang.AssertionError: The following asserts failed:
[NumberImage][6] expected [true] but found [false],
[NumberOfTypeImage] expected [9] but found [6],
[ImageNotFound] expected [] but found [dark2],
[ImageNotFound] expected [] but found [dark3],
[ImageNotFound] expected [] but found [light3],
[ImageNotFound] expected [] but found [light2]
at automation.project3ds.Assertion.end(Assertion.java:26)
at Logo.getLogoFile(Logo.java:209)
... Removed 24 stack frames]]>
    </failure>
  </testcase> <!-- getLogoFile -->
  <testcase name="getLogoFile" time="0.013" classname="Logo">
    <failure type="java.lang.AssertionError" message="The following asserts failed:
	[NumberImage][0] expected [true] but found [false],
	[NumberOfTypeImage] expected [9] but found [0]">
      <![CDATA[java.lang.AssertionError: The following asserts failed:
[NumberImage][0] expected [true] but found [false],
[NumberOfTypeImage] expected [9] but found [0]
at automation.project3ds.Assertion.end(Assertion.java:26)
at Logo.getLogoFile(Logo.java:209)
... Removed 24 stack frames]]>
    </failure>
  </testcase> <!-- getLogoFile -->
  <testcase name="getLogoFile" time="3.083" classname="Logo">
    <failure type="java.lang.AssertionError" message="The following asserts failed:
	[NumberImage][6] expected [true] but found [false],
	[NumberOfTypeImage] expected [9] but found [6],
	[ImageNotFound] expected [] but found [dark2],
	[ImageNotFound] expected [] but found [dark3],
	[ImageNotFound] expected [] but found [light3],
	[ImageNotFound] expected [] but found [light2]">
      <![CDATA[java.lang.AssertionError: The following asserts failed:
[NumberImage][6] expected [true] but found [false],
[NumberOfTypeImage] expected [9] but found [6],
[ImageNotFound] expected [] but found [dark2],
[ImageNotFound] expected [] but found [dark3],
[ImageNotFound] expected [] but found [light3],
[ImageNotFound] expected [] but found [light2]
at automation.project3ds.Assertion.end(Assertion.java:26)
at Logo.getLogoFile(Logo.java:209)
... Removed 24 stack frames]]>
    </failure>
  </testcase> <!-- getLogoFile -->
  <testcase name="getLogoFile" time="3.055" classname="Logo">
    <failure type="java.lang.AssertionError" message="The following asserts failed:
	[NumberImage][6] expected [true] but found [false],
	[NumberOfTypeImage] expected [9] but found [6],
	[ImageNotFound] expected [] but found [dark2],
	[ImageNotFound] expected [] but found [dark3],
	[ImageNotFound] expected [] but found [light3],
	[ImageNotFound] expected [] but found [light2]">
      <![CDATA[java.lang.AssertionError: The following asserts failed:
[NumberImage][6] expected [true] but found [false],
[NumberOfTypeImage] expected [9] but found [6],
[ImageNotFound] expected [] but found [dark2],
[ImageNotFound] expected [] but found [dark3],
[ImageNotFound] expected [] but found [light3],
[ImageNotFound] expected [] but found [light2]
at automation.project3ds.Assertion.end(Assertion.java:26)
at Logo.getLogoFile(Logo.java:209)
... Removed 24 stack frames]]>
    </failure>
  </testcase> <!-- getLogoFile -->
  <testcase name="getLogoFile" time="3.017" classname="Logo">
    <failure type="java.lang.AssertionError" message="The following asserts failed:
	[NumberImage][6] expected [true] but found [false],
	[NumberOfTypeImage] expected [9] but found [6],
	[ImageNotFound] expected [] but found [dark2],
	[ImageNotFound] expected [] but found [dark3],
	[ImageNotFound] expected [] but found [light3],
	[ImageNotFound] expected [] but found [light2]">
      <![CDATA[java.lang.AssertionError: The following asserts failed:
[NumberImage][6] expected [true] but found [false],
[NumberOfTypeImage] expected [9] but found [6],
[ImageNotFound] expected [] but found [dark2],
[ImageNotFound] expected [] but found [dark3],
[ImageNotFound] expected [] but found [light3],
[ImageNotFound] expected [] but found [light2]
at automation.project3ds.Assertion.end(Assertion.java:26)
at Logo.getLogoFile(Logo.java:209)
... Removed 24 stack frames]]>
    </failure>
  </testcase> <!-- getLogoFile -->
  <testcase name="getLogoFile" time="3.114" classname="Logo">
    <failure type="java.lang.AssertionError" message="The following asserts failed:
	[NumberImage][6] expected [true] but found [false],
	[NumberOfTypeImage] expected [9] but found [6],
	[ImageNotFound] expected [] but found [dark2],
	[ImageNotFound] expected [] but found [dark3],
	[ImageNotFound] expected [] but found [light3],
	[ImageNotFound] expected [] but found [light2]">
      <![CDATA[java.lang.AssertionError: The following asserts failed:
[NumberImage][6] expected [true] but found [false],
[NumberOfTypeImage] expected [9] but found [6],
[ImageNotFound] expected [] but found [dark2],
[ImageNotFound] expected [] but found [dark3],
[ImageNotFound] expected [] but found [light3],
[ImageNotFound] expected [] but found [light2]
at automation.project3ds.Assertion.end(Assertion.java:26)
at Logo.getLogoFile(Logo.java:209)
... Removed 24 stack frames]]>
    </failure>
  </testcase> <!-- getLogoFile -->
  <testcase name="getLogoFile" time="3.055" classname="Logo">
    <failure type="java.lang.AssertionError" message="The following asserts failed:
	[NumberImage][6] expected [true] but found [false],
	[NumberOfTypeImage] expected [9] but found [6],
	[ImageNotFound] expected [] but found [dark2],
	[ImageNotFound] expected [] but found [dark3],
	[ImageNotFound] expected [] but found [light3],
	[ImageNotFound] expected [] but found [light2]">
      <![CDATA[java.lang.AssertionError: The following asserts failed:
[NumberImage][6] expected [true] but found [false],
[NumberOfTypeImage] expected [9] but found [6],
[ImageNotFound] expected [] but found [dark2],
[ImageNotFound] expected [] but found [dark3],
[ImageNotFound] expected [] but found [light3],
[ImageNotFound] expected [] but found [light2]
at automation.project3ds.Assertion.end(Assertion.java:26)
at Logo.getLogoFile(Logo.java:209)
... Removed 24 stack frames]]>
    </failure>
  </testcase> <!-- getLogoFile -->
  <testcase name="getLogoFile" time="3.005" classname="Logo">
    <failure type="java.lang.AssertionError" message="The following asserts failed:
	[NumberImage][6] expected [true] but found [false],
	[NumberOfTypeImage] expected [9] but found [6],
	[ImageNotFound] expected [] but found [dark2],
	[ImageNotFound] expected [] but found [dark3],
	[ImageNotFound] expected [] but found [light3],
	[ImageNotFound] expected [] but found [light2]">
      <![CDATA[java.lang.AssertionError: The following asserts failed:
[NumberImage][6] expected [true] but found [false],
[NumberOfTypeImage] expected [9] but found [6],
[ImageNotFound] expected [] but found [dark2],
[ImageNotFound] expected [] but found [dark3],
[ImageNotFound] expected [] but found [light3],
[ImageNotFound] expected [] but found [light2]
at automation.project3ds.Assertion.end(Assertion.java:26)
at Logo.getLogoFile(Logo.java:209)
... Removed 24 stack frames]]>
    </failure>
  </testcase> <!-- getLogoFile -->
  <testcase name="getLogoFile" time="3.055" classname="Logo">
    <failure type="java.lang.AssertionError" message="The following asserts failed:
	[ImageNotFound] expected [] but found [dark2],
	[ImageNotFound] expected [] but found [dark3],
	[ImageNotFound] expected [] but found [light3],
	[ImageNotFound] expected [] but found [light2]">
      <![CDATA[java.lang.AssertionError: The following asserts failed:
[ImageNotFound] expected [] but found [dark2],
[ImageNotFound] expected [] but found [dark3],
[ImageNotFound] expected [] but found [light3],
[ImageNotFound] expected [] but found [light2]
at automation.project3ds.Assertion.end(Assertion.java:26)
at Logo.getLogoFile(Logo.java:209)
... Removed 24 stack frames]]>
    </failure>
  </testcase> <!-- getLogoFile -->
  <testcase name="getLogoFile" time="3.06" classname="Logo">
    <failure type="java.lang.AssertionError" message="The following asserts failed:
	[NumberImage][6] expected [true] but found [false],
	[NumberOfTypeImage] expected [9] but found [6],
	[ImageNotFound] expected [] but found [dark2],
	[ImageNotFound] expected [] but found [dark3],
	[ImageNotFound] expected [] but found [light3],
	[ImageNotFound] expected [] but found [light2]">
      <![CDATA[java.lang.AssertionError: The following asserts failed:
[NumberImage][6] expected [true] but found [false],
[NumberOfTypeImage] expected [9] but found [6],
[ImageNotFound] expected [] but found [dark2],
[ImageNotFound] expected [] but found [dark3],
[ImageNotFound] expected [] but found [light3],
[ImageNotFound] expected [] but found [light2]
at automation.project3ds.Assertion.end(Assertion.java:26)
at Logo.getLogoFile(Logo.java:209)
... Removed 24 stack frames]]>
    </failure>
  </testcase> <!-- getLogoFile -->
  <testcase name="getLogoFile" time="3.137" classname="Logo">
    <failure type="java.lang.AssertionError" message="The following asserts failed:
	[NumberImage][6] expected [true] but found [false],
	[NumberOfTypeImage] expected [9] but found [6],
	[ImageNotFound] expected [] but found [dark2],
	[ImageNotFound] expected [] but found [dark3],
	[ImageNotFound] expected [] but found [light3],
	[ImageNotFound] expected [] but found [light2]">
      <![CDATA[java.lang.AssertionError: The following asserts failed:
[NumberImage][6] expected [true] but found [false],
[NumberOfTypeImage] expected [9] but found [6],
[ImageNotFound] expected [] but found [dark2],
[ImageNotFound] expected [] but found [dark3],
[ImageNotFound] expected [] but found [light3],
[ImageNotFound] expected [] but found [light2]
at automation.project3ds.Assertion.end(Assertion.java:26)
at Logo.getLogoFile(Logo.java:209)
... Removed 24 stack frames]]>
    </failure>
  </testcase> <!-- getLogoFile -->
  <testcase name="getLogoFile" time="3.036" classname="Logo">
    <failure type="java.lang.AssertionError" message="The following asserts failed:
	[NumberImage][6] expected [true] but found [false],
	[NumberOfTypeImage] expected [9] but found [6],
	[ImageNotFound] expected [] but found [dark2],
	[ImageNotFound] expected [] but found [dark3],
	[ImageNotFound] expected [] but found [light3],
	[ImageNotFound] expected [] but found [light2]">
      <![CDATA[java.lang.AssertionError: The following asserts failed:
[NumberImage][6] expected [true] but found [false],
[NumberOfTypeImage] expected [9] but found [6],
[ImageNotFound] expected [] but found [dark2],
[ImageNotFound] expected [] but found [dark3],
[ImageNotFound] expected [] but found [light3],
[ImageNotFound] expected [] but found [light2]
at automation.project3ds.Assertion.end(Assertion.java:26)
at Logo.getLogoFile(Logo.java:209)
... Removed 24 stack frames]]>
    </failure>
  </testcase> <!-- getLogoFile -->
  <testcase name="getLogoFile" time="2.944" classname="Logo">
    <failure type="java.lang.AssertionError" message="The following asserts failed:
	[ImageNotFound] expected [] but found [dark2],
	[ImageNotFound] expected [] but found [dark3],
	[ImageNotFound] expected [] but found [light3],
	[ImageNotFound] expected [] but found [light2]">
      <![CDATA[java.lang.AssertionError: The following asserts failed:
[ImageNotFound] expected [] but found [dark2],
[ImageNotFound] expected [] but found [dark3],
[ImageNotFound] expected [] but found [light3],
[ImageNotFound] expected [] but found [light2]
at automation.project3ds.Assertion.end(Assertion.java:26)
at Logo.getLogoFile(Logo.java:209)
... Removed 24 stack frames]]>
    </failure>
  </testcase> <!-- getLogoFile -->
  <testcase name="getLogoFile" time="0.008" classname="Logo">
    <failure type="java.lang.AssertionError" message="The following asserts failed:
	[NumberImage][0] expected [true] but found [false],
	[NumberOfTypeImage] expected [9] but found [0]">
      <![CDATA[java.lang.AssertionError: The following asserts failed:
[NumberImage][0] expected [true] but found [false],
[NumberOfTypeImage] expected [9] but found [0]
at automation.project3ds.Assertion.end(Assertion.java:26)
at Logo.getLogoFile(Logo.java:209)
... Removed 24 stack frames]]>
    </failure>
  </testcase> <!-- getLogoFile -->
  <testcase name="getLogoFile" time="0.012" classname="Logo">
    <failure type="java.lang.AssertionError" message="The following asserts failed:
	[NumberImage][0] expected [true] but found [false],
	[NumberOfTypeImage] expected [9] but found [0]">
      <![CDATA[java.lang.AssertionError: The following asserts failed:
[NumberImage][0] expected [true] but found [false],
[NumberOfTypeImage] expected [9] but found [0]
at automation.project3ds.Assertion.end(Assertion.java:26)
at Logo.getLogoFile(Logo.java:209)
... Removed 24 stack frames]]>
    </failure>
  </testcase> <!-- getLogoFile -->
  <testcase name="getLogoFile" time="2.327" classname="Logo"/>
  <testcase name="getLogoFile" time="0.004" classname="Logo">
    <failure type="java.lang.AssertionError" message="The following asserts failed:
	[NumberImage][0] expected [true] but found [false],
	[NumberOfTypeImage] expected [9] but found [0]">
      <![CDATA[java.lang.AssertionError: The following asserts failed:
[NumberImage][0] expected [true] but found [false],
[NumberOfTypeImage] expected [9] but found [0]
at automation.project3ds.Assertion.end(Assertion.java:26)
at Logo.getLogoFile(Logo.java:209)
... Removed 24 stack frames]]>
    </failure>
  </testcase> <!-- getLogoFile -->
  <testcase name="getLogoFile" time="0.003" classname="Logo">
    <failure type="java.lang.AssertionError" message="The following asserts failed:
	[NumberImage][0] expected [true] but found [false],
	[NumberOfTypeImage] expected [9] but found [0]">
      <![CDATA[java.lang.AssertionError: The following asserts failed:
[NumberImage][0] expected [true] but found [false],
[NumberOfTypeImage] expected [9] but found [0]
at automation.project3ds.Assertion.end(Assertion.java:26)
at Logo.getLogoFile(Logo.java:209)
... Removed 24 stack frames]]>
    </failure>
  </testcase> <!-- getLogoFile -->
  <testcase name="getLogoFile" time="0.003" classname="Logo">
    <failure type="java.lang.AssertionError" message="The following asserts failed:
	[NumberImage][0] expected [true] but found [false],
	[NumberOfTypeImage] expected [9] but found [0]">
      <![CDATA[java.lang.AssertionError: The following asserts failed:
[NumberImage][0] expected [true] but found [false],
[NumberOfTypeImage] expected [9] but found [0]
at automation.project3ds.Assertion.end(Assertion.java:26)
at Logo.getLogoFile(Logo.java:209)
... Removed 24 stack frames]]>
    </failure>
  </testcase> <!-- getLogoFile -->
  <testcase name="getLogoFile" time="0.004" classname="Logo">
    <failure type="java.lang.AssertionError" message="The following asserts failed:
	[NumberImage][0] expected [true] but found [false],
	[NumberOfTypeImage] expected [9] but found [0]">
      <![CDATA[java.lang.AssertionError: The following asserts failed:
[NumberImage][0] expected [true] but found [false],
[NumberOfTypeImage] expected [9] but found [0]
at automation.project3ds.Assertion.end(Assertion.java:26)
at Logo.getLogoFile(Logo.java:209)
... Removed 24 stack frames]]>
    </failure>
  </testcase> <!-- getLogoFile -->
  <testcase name="getLogoFile" time="0.003" classname="Logo">
    <failure type="java.lang.AssertionError" message="The following asserts failed:
	[NumberImage][0] expected [true] but found [false],
	[NumberOfTypeImage] expected [9] but found [0]">
      <![CDATA[java.lang.AssertionError: The following asserts failed:
[NumberImage][0] expected [true] but found [false],
[NumberOfTypeImage] expected [9] but found [0]
at automation.project3ds.Assertion.end(Assertion.java:26)
at Logo.getLogoFile(Logo.java:209)
... Removed 24 stack frames]]>
    </failure>
  </testcase> <!-- getLogoFile -->
</testsuite>
