<?xml version="1.0" encoding="UTF-8"?>
<!-- Generated by org.testng.reporters.JUnitXMLReporter -->
<testsuite hostname="PW-HAN-063" ignored="0" name="Logo" tests="4" failures="0" timestamp="22 Oct 2019 08:49:45 GMT" time="254.162" errors="0">
  <testcase name="execute" time="73.858" classname="logo.LogoLatestNaming"/>
  <testcase name="execute" time="52.338" classname="logo.LogoLatestNaming"/>
  <testcase name="execute" time="53.657" classname="logo.LogoLatestNaming"/>
  <testcase name="execute" time="50.946" classname="logo.LogoLatestNaming"/>
</testsuite> <!-- Logo -->
