<?xml version="1.0" encoding="UTF-8"?>
<!-- Generated by org.testng.reporters.JUnitXMLReporter -->
<testsuite hostname="PW-HAN-063" ignored="0" name="BrickToFP_OFF2" tests="18" failures="0" timestamp="19 Sep 2019 10:11:33 GMT" time="498.007" errors="0">
  <testcase name="execute" time="75.489" classname="automation.project3ds.oldTest.BrickHTML_Card2_OFF_Test"/>
  <testcase name="execute" time="23.318" classname="automation.project3ds.oldTest.BrickHTML_Card2_OFF_Test"/>
  <testcase name="execute" time="26.422" classname="automation.project3ds.oldTest.BrickHTML_Card2_OFF_Test"/>
  <testcase name="execute" time="30.363" classname="automation.project3ds.oldTest.BrickHTML_Card2_OFF_Test"/>
  <testcase name="execute" time="25.379" classname="automation.project3ds.oldTest.BrickHTML_Card2_OFF_Test"/>
  <testcase name="execute" time="23.363" classname="automation.project3ds.oldTest.BrickHTML_Card2_OFF_Test"/>
  <testcase name="execute" time="24.842" classname="automation.project3ds.oldTest.BrickHTML_Card2_OFF_Test"/>
  <testcase name="execute" time="22.52" classname="automation.project3ds.oldTest.BrickHTML_Card2_OFF_Test"/>
  <testcase name="execute" time="30.545" classname="automation.project3ds.oldTest.BrickHTML_Card2_OFF_Test"/>
  <testcase name="execute" time="27.443" classname="automation.project3ds.oldTest.BrickHTML_Card2_OFF_Test"/>
  <testcase name="execute" time="24.581" classname="automation.project3ds.oldTest.BrickHTML_Card2_OFF_Test"/>
  <testcase name="execute" time="25.701" classname="automation.project3ds.oldTest.BrickHTML_Card2_OFF_Test"/>
  <testcase name="execute" time="19.907" classname="automation.project3ds.oldTest.BrickHTML_Card2_OFF_Test"/>
  <testcase name="execute" time="24.574" classname="automation.project3ds.oldTest.BrickHTML_Card2_OFF_Test"/>
  <testcase name="execute" time="19.637" classname="automation.project3ds.oldTest.BrickHTML_Card2_OFF_Test"/>
  <testcase name="execute" time="21.571" classname="automation.project3ds.oldTest.BrickHTML_Card2_OFF_Test"/>
  <testcase name="execute" time="18.861" classname="automation.project3ds.oldTest.BrickHTML_Card2_OFF_Test"/>
  <testcase name="execute" time="23.408" classname="automation.project3ds.oldTest.BrickHTML_Card2_OFF_Test"/>
</testsuite> <!-- BrickToFP_OFF2 -->
