<?xml version="1.0" encoding="UTF-8"?>
<!-- Generated by org.testng.reporters.JUnitXMLReporter -->
<testsuite hostname="DESKTOP-V097D2E" ignored="0" name="BrickURL_OFF2_Test" tests="18" failures="0" timestamp="08 Aug 2019 12:53:41 GMT" time="342.903" errors="0">
  <testcase name="execute" time="34.566" classname="automation.project3ds.BrickURL_OFF2_Test"/>
  <testcase name="execute" time="16.413" classname="automation.project3ds.BrickURL_OFF2_Test"/>
  <testcase name="execute" time="18.896" classname="automation.project3ds.BrickURL_OFF2_Test"/>
  <testcase name="execute" time="19.338" classname="automation.project3ds.BrickURL_OFF2_Test"/>
  <testcase name="execute" time="19.843" classname="automation.project3ds.BrickURL_OFF2_Test"/>
  <testcase name="execute" time="18.633" classname="automation.project3ds.BrickURL_OFF2_Test"/>
  <testcase name="execute" time="14.262" classname="automation.project3ds.BrickURL_OFF2_Test"/>
  <testcase name="execute" time="19.801" classname="automation.project3ds.BrickURL_OFF2_Test"/>
  <testcase name="execute" time="18.523" classname="automation.project3ds.BrickURL_OFF2_Test"/>
  <testcase name="execute" time="17.734" classname="automation.project3ds.BrickURL_OFF2_Test"/>
  <testcase name="execute" time="21.715" classname="automation.project3ds.BrickURL_OFF2_Test"/>
  <testcase name="execute" time="14.757" classname="automation.project3ds.BrickURL_OFF2_Test"/>
  <testcase name="execute" time="17.568" classname="automation.project3ds.BrickURL_OFF2_Test"/>
  <testcase name="execute" time="15.302" classname="automation.project3ds.BrickURL_OFF2_Test"/>
  <testcase name="execute" time="17.416" classname="automation.project3ds.BrickURL_OFF2_Test"/>
  <testcase name="execute" time="16.024" classname="automation.project3ds.BrickURL_OFF2_Test"/>
  <testcase name="execute" time="24.157" classname="automation.project3ds.BrickURL_OFF2_Test"/>
  <testcase name="execute" time="14.226" classname="automation.project3ds.BrickURL_OFF2_Test"/>
</testsuite> <!-- BrickURL_OFF2_Test -->
